0it [00:00, ?it/s]
102it [00:00, 1016.26it/s]
204it [00:00, 704.13it/s] 
305it [00:00, 814.37it/s]
393it [00:00, 679.69it/s]
496it [00:00, 778.30it/s]
580it [00:00, 641.92it/s]
679it [00:00, 728.82it/s]
767it [00:01, 604.95it/s]
807it [00:01, 690.44it/s]

0it [00:00, ?it/s]
101it [00:00, 1077.16it/s]

0it [00:00, ?it/s]
385it [00:00, 3848.46it/s]
770it [00:00, 3813.50it/s]
807it [00:00, 3811.54it/s]

  0%|          | 0/51 [00:00<?, ?it/s]
accuracy: 0.5496, coverage_loss: 0.5622, nll_loss: 2.5484, total_loss: 3.1106, loss: 3.1106 ||:   2%|1         | 1/51 [00:01<01:04,  1.29s/it]
accuracy: 0.3714, coverage_loss: 0.6263, nll_loss: 4.0966, total_loss: 4.7229, loss: 4.7229 ||:   4%|3         | 2/51 [00:02<00:47,  1.04it/s]
accuracy: 0.3231, coverage_loss: 0.6533, nll_loss: 4.3236, total_loss: 4.9770, loss: 4.9770 ||:   6%|5         | 3/51 [00:02<00:40,  1.17it/s]
accuracy: 0.3057, coverage_loss: 0.6799, nll_loss: 4.2920, total_loss: 4.9718, loss: 4.9718 ||:   8%|7         | 4/51 [00:03<00:38,  1.22it/s]
accuracy: 0.3206, coverage_loss: 0.6824, nll_loss: 4.0773, total_loss: 4.7597, loss: 4.7597 ||:  10%|9         | 5/51 [00:04<00:36,  1.24it/s]
accuracy: 0.3357, coverage_loss: 0.6828, nll_loss: 3.9334, total_loss: 4.6162, loss: 4.6162 ||:  12%|#1        | 6/51 [00:05<00:35,  1.28it/s]
accuracy: 0.3410, coverage_loss: 0.6864, nll_loss: 3.8092, total_loss: 4.4956, loss: 4.4956 ||:  14%|#3        | 7/51 [00:05<00:33,  1.30it/s]
accuracy: 0.3340, coverage_loss: 0.6952, nll_loss: 3.8255, total_loss: 4.5207, loss: 4.5207 ||:  16%|#5        | 8/51 [00:06<00:32,  1.33it/s]
accuracy: 0.3443, coverage_loss: 0.6928, nll_loss: 3.7270, total_loss: 4.4199, loss: 4.4199 ||:  18%|#7        | 9/51 [00:07<00:31,  1.35it/s]
accuracy: 0.3572, coverage_loss: 0.6870, nll_loss: 3.6423, total_loss: 4.3293, loss: 4.3293 ||:  20%|#9        | 10/51 [00:07<00:30,  1.35it/s]
accuracy: 0.3709, coverage_loss: 0.6782, nll_loss: 3.5595, total_loss: 4.2377, loss: 4.2377 ||:  22%|##1       | 11/51 [00:08<00:29,  1.36it/s]
accuracy: 0.3860, coverage_loss: 0.6707, nll_loss: 3.4700, total_loss: 4.1406, loss: 4.1406 ||:  24%|##3       | 12/51 [00:09<00:28,  1.37it/s]
accuracy: 0.3930, coverage_loss: 0.6665, nll_loss: 3.4197, total_loss: 4.0862, loss: 4.0862 ||:  25%|##5       | 13/51 [00:10<00:27,  1.37it/s]
accuracy: 0.3958, coverage_loss: 0.6647, nll_loss: 3.3891, total_loss: 4.0539, loss: 4.0539 ||:  27%|##7       | 14/51 [00:10<00:26,  1.37it/s]
accuracy: 0.3991, coverage_loss: 0.6624, nll_loss: 3.3569, total_loss: 4.0193, loss: 4.0193 ||:  29%|##9       | 15/51 [00:11<00:26,  1.37it/s]
accuracy: 0.4002, coverage_loss: 0.6618, nll_loss: 3.3395, total_loss: 4.0012, loss: 4.0012 ||:  31%|###1      | 16/51 [00:12<00:25,  1.38it/s]
accuracy: 0.4048, coverage_loss: 0.6599, nll_loss: 3.3055, total_loss: 3.9654, loss: 3.9654 ||:  33%|###3      | 17/51 [00:13<00:24,  1.37it/s]
accuracy: 0.4138, coverage_loss: 0.6554, nll_loss: 3.2576, total_loss: 3.9130, loss: 3.9130 ||:  35%|###5      | 18/51 [00:13<00:24,  1.37it/s]
accuracy: 0.4180, coverage_loss: 0.6528, nll_loss: 3.2426, total_loss: 3.8954, loss: 3.8954 ||:  37%|###7      | 19/51 [00:14<00:23,  1.38it/s]
accuracy: 0.4217, coverage_loss: 0.6500, nll_loss: 3.2354, total_loss: 3.8854, loss: 3.8854 ||:  39%|###9      | 20/51 [00:15<00:22,  1.38it/s]
accuracy: 0.4293, coverage_loss: 0.6464, nll_loss: 3.2062, total_loss: 3.8525, loss: 3.8525 ||:  41%|####1     | 21/51 [00:15<00:22,  1.35it/s]
accuracy: 0.4350, coverage_loss: 0.6421, nll_loss: 3.1783, total_loss: 3.8204, loss: 3.8204 ||:  43%|####3     | 22/51 [00:16<00:21,  1.36it/s]
accuracy: 0.4402, coverage_loss: 0.6380, nll_loss: 3.1432, total_loss: 3.7812, loss: 3.7812 ||:  45%|####5     | 23/51 [00:17<00:20,  1.36it/s]
accuracy: 0.4433, coverage_loss: 0.6350, nll_loss: 3.1188, total_loss: 3.7538, loss: 3.7538 ||:  47%|####7     | 24/51 [00:18<00:19,  1.36it/s]
accuracy: 0.4462, coverage_loss: 0.6331, nll_loss: 3.0975, total_loss: 3.7307, loss: 3.7307 ||:  49%|####9     | 25/51 [00:18<00:18,  1.37it/s]
accuracy: 0.4471, coverage_loss: 0.6324, nll_loss: 3.0936, total_loss: 3.7260, loss: 3.7260 ||:  51%|#####     | 26/51 [00:19<00:18,  1.37it/s]
accuracy: 0.4494, coverage_loss: 0.6314, nll_loss: 3.0806, total_loss: 3.7120, loss: 3.7120 ||:  53%|#####2    | 27/51 [00:20<00:17,  1.37it/s]
accuracy: 0.4556, coverage_loss: 0.6275, nll_loss: 3.0471, total_loss: 3.6746, loss: 3.6746 ||:  55%|#####4    | 28/51 [00:21<00:16,  1.37it/s]
accuracy: 0.4566, coverage_loss: 0.6271, nll_loss: 3.0488, total_loss: 3.6759, loss: 3.6759 ||:  57%|#####6    | 29/51 [00:21<00:16,  1.37it/s]
accuracy: 0.4615, coverage_loss: 0.6246, nll_loss: 3.0276, total_loss: 3.6521, loss: 3.6521 ||:  59%|#####8    | 30/51 [00:22<00:15,  1.37it/s]
accuracy: 0.4658, coverage_loss: 0.6211, nll_loss: 3.0026, total_loss: 3.6237, loss: 3.6237 ||:  61%|######    | 31/51 [00:23<00:14,  1.38it/s]
accuracy: 0.4708, coverage_loss: 0.6165, nll_loss: 2.9810, total_loss: 3.5975, loss: 3.5975 ||:  63%|######2   | 32/51 [00:23<00:13,  1.38it/s]
accuracy: 0.4772, coverage_loss: 0.6112, nll_loss: 2.9517, total_loss: 3.5629, loss: 3.5629 ||:  65%|######4   | 33/51 [00:24<00:13,  1.37it/s]
accuracy: 0.4793, coverage_loss: 0.6092, nll_loss: 2.9424, total_loss: 3.5515, loss: 3.5515 ||:  67%|######6   | 34/51 [00:25<00:12,  1.38it/s]
accuracy: 0.4821, coverage_loss: 0.6072, nll_loss: 2.9376, total_loss: 3.5448, loss: 3.5448 ||:  69%|######8   | 35/51 [00:26<00:11,  1.37it/s]
accuracy: 0.4857, coverage_loss: 0.6034, nll_loss: 2.9211, total_loss: 3.5245, loss: 3.5245 ||:  71%|#######   | 36/51 [00:26<00:10,  1.38it/s]
accuracy: 0.4884, coverage_loss: 0.6007, nll_loss: 2.9152, total_loss: 3.5159, loss: 3.5159 ||:  73%|#######2  | 37/51 [00:27<00:10,  1.38it/s]
accuracy: 0.4922, coverage_loss: 0.5976, nll_loss: 2.8967, total_loss: 3.4943, loss: 3.4943 ||:  75%|#######4  | 38/51 [00:28<00:09,  1.38it/s]
accuracy: 0.4951, coverage_loss: 0.5945, nll_loss: 2.8825, total_loss: 3.4770, loss: 3.4770 ||:  76%|#######6  | 39/51 [00:29<00:08,  1.37it/s]
accuracy: 0.4975, coverage_loss: 0.5920, nll_loss: 2.8721, total_loss: 3.4641, loss: 3.4641 ||:  78%|#######8  | 40/51 [00:29<00:08,  1.37it/s]
accuracy: 0.4976, coverage_loss: 0.5919, nll_loss: 2.8785, total_loss: 3.4704, loss: 3.4704 ||:  80%|########  | 41/51 [00:30<00:07,  1.37it/s]
accuracy: 0.5020, coverage_loss: 0.5882, nll_loss: 2.8589, total_loss: 3.4470, loss: 3.4470 ||:  82%|########2 | 42/51 [00:31<00:06,  1.37it/s]
accuracy: 0.5056, coverage_loss: 0.5852, nll_loss: 2.8421, total_loss: 3.4273, loss: 3.4273 ||:  84%|########4 | 43/51 [00:31<00:05,  1.37it/s]
accuracy: 0.5083, coverage_loss: 0.5828, nll_loss: 2.8312, total_loss: 3.4140, loss: 3.4140 ||:  86%|########6 | 44/51 [00:32<00:05,  1.38it/s]
accuracy: 0.5110, coverage_loss: 0.5806, nll_loss: 2.8208, total_loss: 3.4014, loss: 3.4014 ||:  88%|########8 | 45/51 [00:33<00:04,  1.38it/s]
accuracy: 0.5133, coverage_loss: 0.5786, nll_loss: 2.8118, total_loss: 3.3904, loss: 3.3904 ||:  90%|######### | 46/51 [00:34<00:03,  1.38it/s]
accuracy: 0.5154, coverage_loss: 0.5768, nll_loss: 2.8033, total_loss: 3.3801, loss: 3.3801 ||:  92%|#########2| 47/51 [00:34<00:02,  1.38it/s]
accuracy: 0.5175, coverage_loss: 0.5742, nll_loss: 2.7954, total_loss: 3.3696, loss: 3.3696 ||:  94%|#########4| 48/51 [00:35<00:02,  1.38it/s]
accuracy: 0.5184, coverage_loss: 0.5726, nll_loss: 2.7968, total_loss: 3.3694, loss: 3.3694 ||:  96%|#########6| 49/51 [00:36<00:01,  1.37it/s]
accuracy: 0.5196, coverage_loss: 0.5696, nll_loss: 2.7849, total_loss: 3.3545, loss: 3.3545 ||:  98%|#########8| 50/51 [00:37<00:00,  1.39it/s]
accuracy: 0.5214, coverage_loss: 0.5674, nll_loss: 2.7801, total_loss: 3.3475, loss: 3.3475 ||: 100%|##########| 51/51 [00:37<00:00,  1.38it/s]
accuracy: 0.5214, coverage_loss: 0.5674, nll_loss: 2.7801, total_loss: 3.3475, loss: 3.3475 ||: 100%|##########| 51/51 [00:37<00:00,  1.35it/s]

  0%|          | 0/7 [00:00<?, ?it/s]
accuracy: 0.4384, coverage_loss: 0.5400, nll_loss: 4.8275, total_loss: 5.3675, loss: 5.3675 ||:  14%|#4        | 1/7 [00:00<00:01,  3.08it/s]
accuracy: 0.4609, coverage_loss: 0.5384, nll_loss: 4.5280, total_loss: 5.0664, loss: 5.0664 ||:  29%|##8       | 2/7 [00:00<00:01,  3.49it/s]
accuracy: 0.4569, coverage_loss: 0.5365, nll_loss: 4.7527, total_loss: 5.2892, loss: 5.2892 ||:  43%|####2     | 3/7 [00:00<00:01,  3.64it/s]
accuracy: 0.4510, coverage_loss: 0.5457, nll_loss: 4.6390, total_loss: 5.1848, loss: 5.1848 ||:  57%|#####7    | 4/7 [00:01<00:00,  3.71it/s]
accuracy: 0.4533, coverage_loss: 0.5484, nll_loss: 4.6320, total_loss: 5.1804, loss: 5.1804 ||:  71%|#######1  | 5/7 [00:01<00:00,  3.76it/s]
accuracy: 0.4668, coverage_loss: 0.5419, nll_loss: 4.4238, total_loss: 4.9658, loss: 4.9658 ||:  86%|########5 | 6/7 [00:01<00:00,  3.79it/s]
accuracy: 0.4710, coverage_loss: 0.5374, nll_loss: 4.3071, total_loss: 4.8445, loss: 4.8445 ||: 100%|##########| 7/7 [00:01<00:00,  3.98it/s]
accuracy: 0.4710, coverage_loss: 0.5374, nll_loss: 4.3071, total_loss: 4.8445, loss: 4.8445 ||: 100%|##########| 7/7 [00:01<00:00,  3.78it/s]

