0it [00:00, ?it/s]
99it [00:00, 988.70it/s]
198it [00:00, 689.06it/s]
297it [00:00, 799.69it/s]
383it [00:00, 666.43it/s]
485it [00:00, 766.21it/s]
568it [00:00, 633.43it/s]
665it [00:00, 716.35it/s]
765it [00:01, 789.17it/s]
807it [00:01, 682.39it/s]

0it [00:00, ?it/s]
101it [00:00, 1046.67it/s]

0it [00:00, ?it/s]
407it [00:00, 4065.36it/s]
807it [00:00, 4038.45it/s]

  0%|          | 0/51 [00:00<?, ?it/s]
accuracy: 0.0301, loss: 6.2444 ||:   2%|1         | 1/51 [00:01<01:02,  1.25s/it]
accuracy: 0.0215, loss: 6.4756 ||:   4%|3         | 2/51 [00:01<00:44,  1.09it/s]
accuracy: 0.0255, loss: 6.4171 ||:   6%|5         | 3/51 [00:02<00:38,  1.25it/s]
accuracy: 0.0307, loss: 6.3842 ||:   8%|7         | 4/51 [00:03<00:35,  1.34it/s]
accuracy: 0.0305, loss: 6.3457 ||:  10%|9         | 5/51 [00:03<00:33,  1.39it/s]
accuracy: 0.0311, loss: 6.3127 ||:  12%|#1        | 6/51 [00:04<00:32,  1.39it/s]
accuracy: 0.0315, loss: 6.2716 ||:  14%|#3        | 7/51 [00:05<00:31,  1.39it/s]
accuracy: 0.0332, loss: 6.2951 ||:  16%|#5        | 8/51 [00:06<00:30,  1.42it/s]
accuracy: 0.0346, loss: 6.2857 ||:  18%|#7        | 9/51 [00:06<00:29,  1.44it/s]
accuracy: 0.0359, loss: 6.2958 ||:  20%|#9        | 10/51 [00:07<00:28,  1.45it/s]
accuracy: 0.0362, loss: 6.2974 ||:  22%|##1       | 11/51 [00:08<00:27,  1.46it/s]
accuracy: 0.0380, loss: 6.2683 ||:  24%|##3       | 12/51 [00:08<00:26,  1.47it/s]
accuracy: 0.0387, loss: 6.2627 ||:  25%|##5       | 13/51 [00:09<00:25,  1.47it/s]
accuracy: 0.0395, loss: 6.2578 ||:  27%|##7       | 14/51 [00:10<00:24,  1.48it/s]
accuracy: 0.0407, loss: 6.2477 ||:  29%|##9       | 15/51 [00:10<00:24,  1.49it/s]
accuracy: 0.0411, loss: 6.2325 ||:  31%|###1      | 16/51 [00:11<00:23,  1.49it/s]
accuracy: 0.0417, loss: 6.2136 ||:  33%|###3      | 17/51 [00:12<00:23,  1.45it/s]
accuracy: 0.0425, loss: 6.1968 ||:  35%|###5      | 18/51 [00:12<00:22,  1.46it/s]
accuracy: 0.0433, loss: 6.1986 ||:  37%|###7      | 19/51 [00:13<00:21,  1.47it/s]
accuracy: 0.0440, loss: 6.1969 ||:  39%|###9      | 20/51 [00:14<00:20,  1.48it/s]
accuracy: 0.0447, loss: 6.1939 ||:  41%|####1     | 21/51 [00:14<00:20,  1.48it/s]
accuracy: 0.0449, loss: 6.1845 ||:  43%|####3     | 22/51 [00:15<00:19,  1.48it/s]
accuracy: 0.0453, loss: 6.1660 ||:  45%|####5     | 23/51 [00:16<00:18,  1.48it/s]
accuracy: 0.0451, loss: 6.1540 ||:  47%|####7     | 24/51 [00:16<00:18,  1.48it/s]
accuracy: 0.0455, loss: 6.1452 ||:  49%|####9     | 25/51 [00:17<00:17,  1.46it/s]
accuracy: 0.0457, loss: 6.1474 ||:  51%|#####     | 26/51 [00:18<00:16,  1.47it/s]
accuracy: 0.0463, loss: 6.1407 ||:  53%|#####2    | 27/51 [00:18<00:16,  1.47it/s]
accuracy: 0.0466, loss: 6.1249 ||:  55%|#####4    | 28/51 [00:19<00:15,  1.48it/s]
accuracy: 0.0469, loss: 6.1360 ||:  57%|#####6    | 29/51 [00:20<00:14,  1.47it/s]
accuracy: 0.0471, loss: 6.1271 ||:  59%|#####8    | 30/51 [00:20<00:14,  1.48it/s]
accuracy: 0.0474, loss: 6.1159 ||:  61%|######    | 31/51 [00:21<00:13,  1.48it/s]
accuracy: 0.0475, loss: 6.1027 ||:  63%|######2   | 32/51 [00:22<00:12,  1.48it/s]
accuracy: 0.0479, loss: 6.0892 ||:  65%|######4   | 33/51 [00:22<00:12,  1.48it/s]
accuracy: 0.0476, loss: 6.0934 ||:  67%|######6   | 34/51 [00:23<00:11,  1.49it/s]
accuracy: 0.0476, loss: 6.0961 ||:  69%|######8   | 35/51 [00:24<00:10,  1.49it/s]
accuracy: 0.0479, loss: 6.0837 ||:  71%|#######   | 36/51 [00:24<00:10,  1.49it/s]
accuracy: 0.0480, loss: 6.0803 ||:  73%|#######2  | 37/51 [00:25<00:09,  1.48it/s]
accuracy: 0.0483, loss: 6.0686 ||:  75%|#######4  | 38/51 [00:26<00:08,  1.49it/s]
accuracy: 0.0485, loss: 6.0587 ||:  76%|#######6  | 39/51 [00:26<00:08,  1.49it/s]
accuracy: 0.0485, loss: 6.0521 ||:  78%|#######8  | 40/51 [00:27<00:07,  1.49it/s]
accuracy: 0.0484, loss: 6.0487 ||:  80%|########  | 41/51 [00:28<00:06,  1.49it/s]
accuracy: 0.0485, loss: 6.0364 ||:  82%|########2 | 42/51 [00:29<00:06,  1.49it/s]
accuracy: 0.0487, loss: 6.0270 ||:  84%|########4 | 43/51 [00:29<00:05,  1.49it/s]
accuracy: 0.0486, loss: 6.0215 ||:  86%|########6 | 44/51 [00:30<00:04,  1.49it/s]
accuracy: 0.0486, loss: 6.0169 ||:  88%|########8 | 45/51 [00:31<00:04,  1.49it/s]
accuracy: 0.0486, loss: 6.0097 ||:  90%|######### | 46/51 [00:31<00:03,  1.49it/s]
accuracy: 0.0488, loss: 6.0011 ||:  92%|#########2| 47/51 [00:32<00:02,  1.49it/s]
accuracy: 0.0488, loss: 5.9929 ||:  94%|#########4| 48/51 [00:33<00:02,  1.49it/s]
accuracy: 0.0488, loss: 5.9905 ||:  96%|#########6| 49/51 [00:33<00:01,  1.49it/s]
accuracy: 0.0489, loss: 5.9843 ||:  98%|#########8| 50/51 [00:34<00:00,  1.51it/s]
accuracy: 0.0489, loss: 5.9783 ||: 100%|##########| 51/51 [00:35<00:00,  1.50it/s]
accuracy: 0.0489, loss: 5.9783 ||: 100%|##########| 51/51 [00:35<00:00,  1.46it/s]

  0%|          | 0/7 [00:00<?, ?it/s]
accuracy: 0.0607, loss: 5.9543 ||:  14%|#4        | 1/7 [00:00<00:01,  3.24it/s]
accuracy: 0.0615, loss: 5.8931 ||:  29%|##8       | 2/7 [00:00<00:01,  3.70it/s]
accuracy: 0.0587, loss: 5.8957 ||:  43%|####2     | 3/7 [00:00<00:01,  3.87it/s]
accuracy: 0.0575, loss: 5.8773 ||:  57%|#####7    | 4/7 [00:01<00:00,  3.95it/s]
accuracy: 0.0568, loss: 5.8757 ||:  71%|#######1  | 5/7 [00:01<00:00,  4.00it/s]
accuracy: 0.0577, loss: 5.8001 ||:  86%|########5 | 6/7 [00:01<00:00,  4.03it/s]
accuracy: 0.0571, loss: 5.7723 ||: 100%|##########| 7/7 [00:01<00:00,  4.25it/s]
accuracy: 0.0571, loss: 5.7723 ||: 100%|##########| 7/7 [00:01<00:00,  4.02it/s]

  0%|          | 0/51 [00:00<?, ?it/s]
accuracy: 0.0390, loss: 5.5929 ||:   2%|1         | 1/51 [00:00<00:43,  1.16it/s]
accuracy: 0.0501, loss: 5.6496 ||:   4%|3         | 2/51 [00:01<00:36,  1.33it/s]
accuracy: 0.0526, loss: 5.5739 ||:   6%|5         | 3/51 [00:02<00:34,  1.41it/s]
accuracy: 0.0554, loss: 5.4857 ||:   8%|7         | 4/51 [00:02<00:31,  1.49it/s]
accuracy: 0.0580, loss: 5.4660 ||:  10%|9         | 5/51 [00:03<00:30,  1.48it/s]
accuracy: 0.0569, loss: 5.4706 ||:  12%|#1        | 6/51 [00:04<00:30,  1.45it/s]
accuracy: 0.0576, loss: 5.4440 ||:  14%|#3        | 7/51 [00:04<00:30,  1.43it/s]
accuracy: 0.0570, loss: 5.4261 ||:  16%|#5        | 8/51 [00:05<00:29,  1.45it/s]
accuracy: 0.0555, loss: 5.4292 ||:  18%|#7        | 9/51 [00:06<00:28,  1.46it/s]
accuracy: 0.0556, loss: 5.4264 ||:  20%|#9        | 10/51 [00:06<00:27,  1.47it/s]
accuracy: 0.0554, loss: 5.4529 ||:  22%|##1       | 11/51 [00:07<00:27,  1.47it/s]
accuracy: 0.0556, loss: 5.4780 ||:  24%|##3       | 12/51 [00:08<00:26,  1.47it/s]
accuracy: 0.0554, loss: 5.5005 ||:  25%|##5       | 13/51 [00:08<00:25,  1.47it/s]
accuracy: 0.0546, loss: 5.5025 ||:  27%|##7       | 14/51 [00:09<00:25,  1.48it/s]
accuracy: 0.0539, loss: 5.5098 ||:  29%|##9       | 15/51 [00:10<00:24,  1.48it/s]
accuracy: 0.0534, loss: 5.5228 ||:  31%|###1      | 16/51 [00:10<00:23,  1.48it/s]
accuracy: 0.0538, loss: 5.5162 ||:  33%|###3      | 17/51 [00:11<00:22,  1.49it/s]
accuracy: 0.0537, loss: 5.5293 ||:  35%|###5      | 18/51 [00:12<00:22,  1.48it/s]
accuracy: 0.0537, loss: 5.5506 ||:  37%|###7      | 19/51 [00:13<00:21,  1.48it/s]
accuracy: 0.0534, loss: 5.5448 ||:  39%|###9      | 20/51 [00:13<00:21,  1.46it/s]
accuracy: 0.0533, loss: 5.5418 ||:  41%|####1     | 21/51 [00:14<00:20,  1.47it/s]
accuracy: 0.0531, loss: 5.5463 ||:  43%|####3     | 22/51 [00:15<00:19,  1.47it/s]
accuracy: 0.0533, loss: 5.5547 ||:  45%|####5     | 23/51 [00:15<00:19,  1.47it/s]
accuracy: 0.0534, loss: 5.5537 ||:  47%|####7     | 24/51 [00:16<00:18,  1.47it/s]
accuracy: 0.0530, loss: 5.5618 ||:  49%|####9     | 25/51 [00:17<00:17,  1.48it/s]
accuracy: 0.0532, loss: 5.5624 ||:  51%|#####     | 26/51 [00:17<00:16,  1.48it/s]
accuracy: 0.0534, loss: 5.5690 ||:  53%|#####2    | 27/51 [00:18<00:16,  1.48it/s]
accuracy: 0.0532, loss: 5.5662 ||:  55%|#####4    | 28/51 [00:19<00:15,  1.46it/s]
accuracy: 0.0530, loss: 5.5662 ||:  57%|#####6    | 29/51 [00:19<00:15,  1.44it/s]
accuracy: 0.0529, loss: 5.5710 ||:  59%|#####8    | 30/51 [00:20<00:14,  1.45it/s]
accuracy: 0.0526, loss: 5.5710 ||:  61%|######    | 31/51 [00:21<00:13,  1.46it/s]
accuracy: 0.0527, loss: 5.5631 ||:  63%|######2   | 32/51 [00:21<00:12,  1.47it/s]
accuracy: 0.0524, loss: 5.5588 ||:  65%|######4   | 33/51 [00:22<00:12,  1.48it/s]
accuracy: 0.0525, loss: 5.5504 ||:  67%|######6   | 34/51 [00:23<00:11,  1.48it/s]
accuracy: 0.0527, loss: 5.5517 ||:  69%|######8   | 35/51 [00:23<00:10,  1.48it/s]
accuracy: 0.0527, loss: 5.5566 ||:  71%|#######   | 36/51 [00:24<00:10,  1.48it/s]
accuracy: 0.0526, loss: 5.5562 ||:  73%|#######2  | 37/51 [00:25<00:09,  1.48it/s]
accuracy: 0.0526, loss: 5.5503 ||:  75%|#######4  | 38/51 [00:25<00:08,  1.48it/s]
accuracy: 0.0525, loss: 5.5541 ||:  76%|#######6  | 39/51 [00:26<00:08,  1.49it/s]
accuracy: 0.0526, loss: 5.5560 ||:  78%|#######8  | 40/51 [00:27<00:07,  1.48it/s]
accuracy: 0.0527, loss: 5.5532 ||:  80%|########  | 41/51 [00:27<00:06,  1.48it/s]
accuracy: 0.0525, loss: 5.5594 ||:  82%|########2 | 42/51 [00:28<00:06,  1.48it/s]
accuracy: 0.0525, loss: 5.5551 ||:  84%|########4 | 43/51 [00:29<00:05,  1.47it/s]
accuracy: 0.0526, loss: 5.5565 ||:  86%|########6 | 44/51 [00:29<00:04,  1.48it/s]
accuracy: 0.0525, loss: 5.5530 ||:  88%|########8 | 45/51 [00:30<00:04,  1.48it/s]
accuracy: 0.0525, loss: 5.5620 ||:  90%|######### | 46/51 [00:31<00:03,  1.48it/s]
accuracy: 0.0526, loss: 5.5605 ||:  92%|#########2| 47/51 [00:32<00:02,  1.48it/s]
accuracy: 0.0528, loss: 5.5625 ||:  94%|#########4| 48/51 [00:32<00:02,  1.49it/s]
accuracy: 0.0525, loss: 5.5683 ||:  96%|#########6| 49/51 [00:33<00:01,  1.46it/s]
accuracy: 0.0527, loss: 5.5662 ||:  98%|#########8| 50/51 [00:34<00:00,  1.45it/s]
accuracy: 0.0528, loss: 5.5616 ||: 100%|##########| 51/51 [00:34<00:00,  1.45it/s]
accuracy: 0.0528, loss: 5.5616 ||: 100%|##########| 51/51 [00:34<00:00,  1.47it/s]

  0%|          | 0/7 [00:00<?, ?it/s]
accuracy: 0.0550, loss: 5.5617 ||:  14%|#4        | 1/7 [00:00<00:01,  3.79it/s]
accuracy: 0.0579, loss: 5.5994 ||:  29%|##8       | 2/7 [00:00<00:01,  3.96it/s]
accuracy: 0.0564, loss: 5.6223 ||:  43%|####2     | 3/7 [00:00<00:00,  4.02it/s]
accuracy: 0.0569, loss: 5.7090 ||:  57%|#####7    | 4/7 [00:00<00:00,  4.04it/s]
accuracy: 0.0564, loss: 5.7702 ||:  71%|#######1  | 5/7 [00:01<00:00,  4.06it/s]
accuracy: 0.0567, loss: 5.7326 ||:  86%|########5 | 6/7 [00:01<00:00,  4.07it/s]
accuracy: 0.0563, loss: 5.7161 ||: 100%|##########| 7/7 [00:01<00:00,  4.28it/s]
accuracy: 0.0563, loss: 5.7161 ||: 100%|##########| 7/7 [00:01<00:00,  4.12it/s]

  0%|          | 0/51 [00:00<?, ?it/s]
accuracy: 0.0494, loss: 5.3709 ||:   2%|1         | 1/51 [00:00<00:43,  1.14it/s]
accuracy: 0.0537, loss: 5.3118 ||:   4%|3         | 2/51 [00:01<00:37,  1.32it/s]
accuracy: 0.0529, loss: 5.3313 ||:   6%|5         | 3/51 [00:02<00:34,  1.38it/s]
accuracy: 0.0527, loss: 5.3870 ||:   8%|7         | 4/51 [00:02<00:33,  1.42it/s]
accuracy: 0.0536, loss: 5.4504 ||:  10%|9         | 5/51 [00:03<00:31,  1.44it/s]
accuracy: 0.0533, loss: 5.4941 ||:  12%|#1        | 6/51 [00:04<00:30,  1.46it/s]
accuracy: 0.0522, loss: 5.5080 ||:  14%|#3        | 7/51 [00:04<00:30,  1.44it/s]
accuracy: 0.0525, loss: 5.5100 ||:  16%|#5        | 8/51 [00:05<00:30,  1.42it/s]
accuracy: 0.0529, loss: 5.5281 ||:  18%|#7        | 9/51 [00:06<00:29,  1.44it/s]
accuracy: 0.0534, loss: 5.5111 ||:  20%|#9        | 10/51 [00:07<00:28,  1.45it/s]
accuracy: 0.0532, loss: 5.5278 ||:  22%|##1       | 11/51 [00:07<00:27,  1.46it/s]
accuracy: 0.0532, loss: 5.5207 ||:  24%|##3       | 12/51 [00:08<00:26,  1.46it/s]
accuracy: 0.0536, loss: 5.5038 ||:  25%|##5       | 13/51 [00:09<00:25,  1.47it/s]
accuracy: 0.0541, loss: 5.4918 ||:  27%|##7       | 14/51 [00:09<00:25,  1.47it/s]
accuracy: 0.0545, loss: 5.4862 ||:  29%|##9       | 15/51 [00:10<00:24,  1.47it/s]
accuracy: 0.0547, loss: 5.4737 ||:  31%|###1      | 16/51 [00:11<00:23,  1.48it/s]
accuracy: 0.0547, loss: 5.4710 ||:  33%|###3      | 17/51 [00:11<00:22,  1.48it/s]
accuracy: 0.0547, loss: 5.4593 ||:  35%|###5      | 18/51 [00:12<00:21,  1.52it/s]
accuracy: 0.0548, loss: 5.4571 ||:  37%|###7      | 19/51 [00:13<00:21,  1.51it/s]
accuracy: 0.0549, loss: 5.4582 ||:  39%|###9      | 20/51 [00:13<00:20,  1.50it/s]
accuracy: 0.0546, loss: 5.4616 ||:  41%|####1     | 21/51 [00:14<00:20,  1.47it/s]
accuracy: 0.0550, loss: 5.4625 ||:  43%|####3     | 22/51 [00:15<00:20,  1.45it/s]
accuracy: 0.0552, loss: 5.4579 ||:  45%|####5     | 23/51 [00:15<00:19,  1.46it/s]
accuracy: 0.0552, loss: 5.4658 ||:  47%|####7     | 24/51 [00:16<00:18,  1.47it/s]
accuracy: 0.0552, loss: 5.4533 ||:  49%|####9     | 25/51 [00:17<00:17,  1.47it/s]
accuracy: 0.0552, loss: 5.4511 ||:  51%|#####     | 26/51 [00:17<00:17,  1.45it/s]
accuracy: 0.0554, loss: 5.4493 ||:  53%|#####2    | 27/51 [00:18<00:16,  1.46it/s]
accuracy: 0.0553, loss: 5.4594 ||:  55%|#####4    | 28/51 [00:19<00:15,  1.46it/s]
accuracy: 0.0554, loss: 5.4509 ||:  57%|#####6    | 29/51 [00:19<00:15,  1.46it/s]
accuracy: 0.0559, loss: 5.4443 ||:  59%|#####8    | 30/51 [00:20<00:14,  1.47it/s]
accuracy: 0.0561, loss: 5.4363 ||:  61%|######    | 31/51 [00:21<00:13,  1.48it/s]
accuracy: 0.0560, loss: 5.4311 ||:  63%|######2   | 32/51 [00:21<00:12,  1.48it/s]
accuracy: 0.0563, loss: 5.4251 ||:  65%|######4   | 33/51 [00:22<00:12,  1.48it/s]
accuracy: 0.0562, loss: 5.4269 ||:  67%|######6   | 34/51 [00:23<00:11,  1.49it/s]
accuracy: 0.0561, loss: 5.4244 ||:  69%|######8   | 35/51 [00:23<00:10,  1.49it/s]
accuracy: 0.0566, loss: 5.4205 ||:  71%|#######   | 36/51 [00:24<00:10,  1.48it/s]
accuracy: 0.0570, loss: 5.4118 ||:  73%|#######2  | 37/51 [00:25<00:09,  1.49it/s]
accuracy: 0.0573, loss: 5.4071 ||:  75%|#######4  | 38/51 [00:25<00:08,  1.49it/s]
accuracy: 0.0573, loss: 5.4084 ||:  76%|#######6  | 39/51 [00:26<00:08,  1.48it/s]
accuracy: 0.0574, loss: 5.4058 ||:  78%|#######8  | 40/51 [00:27<00:07,  1.49it/s]
accuracy: 0.0573, loss: 5.4023 ||:  80%|########  | 41/51 [00:28<00:06,  1.48it/s]
accuracy: 0.0574, loss: 5.4014 ||:  82%|########2 | 42/51 [00:28<00:06,  1.48it/s]
accuracy: 0.0575, loss: 5.3937 ||:  84%|########4 | 43/51 [00:29<00:05,  1.48it/s]
accuracy: 0.0574, loss: 5.3997 ||:  86%|########6 | 44/51 [00:30<00:04,  1.48it/s]
accuracy: 0.0575, loss: 5.3946 ||:  88%|########8 | 45/51 [00:30<00:04,  1.48it/s]
accuracy: 0.0576, loss: 5.3903 ||:  90%|######### | 46/51 [00:31<00:03,  1.48it/s]
accuracy: 0.0576, loss: 5.3891 ||:  92%|#########2| 47/51 [00:32<00:02,  1.48it/s]
accuracy: 0.0578, loss: 5.3831 ||:  94%|#########4| 48/51 [00:32<00:02,  1.47it/s]
accuracy: 0.0577, loss: 5.3811 ||:  96%|#########6| 49/51 [00:33<00:01,  1.48it/s]
accuracy: 0.0577, loss: 5.3797 ||:  98%|#########8| 50/51 [00:34<00:00,  1.48it/s]
accuracy: 0.0578, loss: 5.3783 ||: 100%|##########| 51/51 [00:34<00:00,  1.48it/s]
accuracy: 0.0578, loss: 5.3783 ||: 100%|##########| 51/51 [00:34<00:00,  1.47it/s]

  0%|          | 0/7 [00:00<?, ?it/s]
accuracy: 0.0602, loss: 5.6882 ||:  14%|#4        | 1/7 [00:00<00:01,  3.86it/s]
accuracy: 0.0640, loss: 5.5249 ||:  29%|##8       | 2/7 [00:00<00:01,  3.97it/s]
accuracy: 0.0617, loss: 5.7386 ||:  43%|####2     | 3/7 [00:00<00:00,  4.00it/s]
accuracy: 0.0625, loss: 5.6691 ||:  57%|#####7    | 4/7 [00:01<00:00,  4.01it/s]
accuracy: 0.0640, loss: 5.6142 ||:  71%|#######1  | 5/7 [00:01<00:00,  4.03it/s]
accuracy: 0.0634, loss: 5.6470 ||:  86%|########5 | 6/7 [00:01<00:00,  4.03it/s]
accuracy: 0.0633, loss: 5.6496 ||: 100%|##########| 7/7 [00:01<00:00,  4.24it/s]
accuracy: 0.0633, loss: 5.6496 ||: 100%|##########| 7/7 [00:01<00:00,  4.10it/s]

  0%|          | 0/51 [00:00<?, ?it/s]
accuracy: 0.0603, loss: 5.2714 ||:   2%|1         | 1/51 [00:00<00:46,  1.07it/s]
accuracy: 0.0575, loss: 5.3615 ||:   4%|3         | 2/51 [00:01<00:39,  1.24it/s]
accuracy: 0.0589, loss: 5.3280 ||:   6%|5         | 3/51 [00:02<00:35,  1.34it/s]
accuracy: 0.0595, loss: 5.3073 ||:   8%|7         | 4/51 [00:02<00:33,  1.39it/s]
accuracy: 0.0603, loss: 5.3219 ||:  10%|9         | 5/51 [00:03<00:32,  1.43it/s]
accuracy: 0.0612, loss: 5.3127 ||:  12%|#1        | 6/51 [00:04<00:31,  1.44it/s]
accuracy: 0.0620, loss: 5.2698 ||:  14%|#3        | 7/51 [00:05<00:30,  1.45it/s]
accuracy: 0.0613, loss: 5.2698 ||:  16%|#5        | 8/51 [00:05<00:29,  1.46it/s]
accuracy: 0.0604, loss: 5.2668 ||:  18%|#7        | 9/51 [00:06<00:28,  1.47it/s]
accuracy: 0.0602, loss: 5.2477 ||:  20%|#9        | 10/51 [00:07<00:27,  1.47it/s]
accuracy: 0.0611, loss: 5.2357 ||:  22%|##1       | 11/51 [00:07<00:27,  1.48it/s]
accuracy: 0.0607, loss: 5.2526 ||:  24%|##3       | 12/51 [00:08<00:26,  1.48it/s]
accuracy: 0.0605, loss: 5.2753 ||:  25%|##5       | 13/51 [00:09<00:25,  1.48it/s]
accuracy: 0.0597, loss: 5.2831 ||:  27%|##7       | 14/51 [00:09<00:24,  1.48it/s]
accuracy: 0.0596, loss: 5.2902 ||:  29%|##9       | 15/51 [00:10<00:24,  1.49it/s]
accuracy: 0.0595, loss: 5.2889 ||:  31%|###1      | 16/51 [00:11<00:23,  1.49it/s]
accuracy: 0.0596, loss: 5.2787 ||:  33%|###3      | 17/51 [00:11<00:23,  1.46it/s]
accuracy: 0.0593, loss: 5.2772 ||:  35%|###5      | 18/51 [00:12<00:22,  1.45it/s]
accuracy: 0.0597, loss: 5.2753 ||:  37%|###7      | 19/51 [00:13<00:21,  1.46it/s]
accuracy: 0.0596, loss: 5.2760 ||:  39%|###9      | 20/51 [00:13<00:21,  1.47it/s]
accuracy: 0.0604, loss: 5.2819 ||:  41%|####1     | 21/51 [00:14<00:20,  1.47it/s]
accuracy: 0.0605, loss: 5.2827 ||:  43%|####3     | 22/51 [00:15<00:19,  1.47it/s]
accuracy: 0.0606, loss: 5.2861 ||:  45%|####5     | 23/51 [00:15<00:19,  1.46it/s]
accuracy: 0.0604, loss: 5.2862 ||:  47%|####7     | 24/51 [00:16<00:18,  1.47it/s]
accuracy: 0.0605, loss: 5.2805 ||:  49%|####9     | 25/51 [00:17<00:17,  1.47it/s]
accuracy: 0.0607, loss: 5.2799 ||:  51%|#####     | 26/51 [00:17<00:16,  1.48it/s]
accuracy: 0.0604, loss: 5.2798 ||:  53%|#####2    | 27/51 [00:18<00:16,  1.46it/s]
accuracy: 0.0605, loss: 5.2748 ||:  55%|#####4    | 28/51 [00:19<00:15,  1.47it/s]
accuracy: 0.0606, loss: 5.2726 ||:  57%|#####6    | 29/51 [00:20<00:15,  1.44it/s]
accuracy: 0.0606, loss: 5.2713 ||:  59%|#####8    | 30/51 [00:20<00:14,  1.42it/s]
accuracy: 0.0605, loss: 5.2717 ||:  61%|######    | 31/51 [00:21<00:13,  1.44it/s]
accuracy: 0.0606, loss: 5.2789 ||:  63%|######2   | 32/51 [00:22<00:13,  1.45it/s]
accuracy: 0.0603, loss: 5.2857 ||:  65%|######4   | 33/51 [00:22<00:12,  1.46it/s]
accuracy: 0.0604, loss: 5.2823 ||:  67%|######6   | 34/51 [00:23<00:11,  1.46it/s]
accuracy: 0.0606, loss: 5.2759 ||:  69%|######8   | 35/51 [00:24<00:10,  1.47it/s]
accuracy: 0.0606, loss: 5.2723 ||:  71%|#######   | 36/51 [00:24<00:10,  1.47it/s]
accuracy: 0.0609, loss: 5.2677 ||:  73%|#######2  | 37/51 [00:25<00:09,  1.47it/s]
accuracy: 0.0609, loss: 5.2735 ||:  75%|#######4  | 38/51 [00:26<00:08,  1.48it/s]
accuracy: 0.0610, loss: 5.2713 ||:  76%|#######6  | 39/51 [00:26<00:08,  1.48it/s]
accuracy: 0.0611, loss: 5.2698 ||:  78%|#######8  | 40/51 [00:27<00:07,  1.48it/s]
accuracy: 0.0611, loss: 5.2656 ||:  80%|########  | 41/51 [00:28<00:06,  1.47it/s]
accuracy: 0.0612, loss: 5.2772 ||:  82%|########2 | 42/51 [00:28<00:05,  1.51it/s]
accuracy: 0.0612, loss: 5.2780 ||:  84%|########4 | 43/51 [00:29<00:05,  1.50it/s]
accuracy: 0.0613, loss: 5.2741 ||:  86%|########6 | 44/51 [00:30<00:04,  1.49it/s]
accuracy: 0.0614, loss: 5.2759 ||:  88%|########8 | 45/51 [00:30<00:04,  1.49it/s]
accuracy: 0.0612, loss: 5.2749 ||:  90%|######### | 46/51 [00:31<00:03,  1.49it/s]
accuracy: 0.0614, loss: 5.2715 ||:  92%|#########2| 47/51 [00:32<00:02,  1.46it/s]
accuracy: 0.0614, loss: 5.2710 ||:  94%|#########4| 48/51 [00:32<00:02,  1.47it/s]
accuracy: 0.0617, loss: 5.2742 ||:  96%|#########6| 49/51 [00:33<00:01,  1.47it/s]
accuracy: 0.0617, loss: 5.2723 ||:  98%|#########8| 50/51 [00:34<00:00,  1.48it/s]
accuracy: 0.0617, loss: 5.2736 ||: 100%|##########| 51/51 [00:34<00:00,  1.48it/s]
accuracy: 0.0617, loss: 5.2736 ||: 100%|##########| 51/51 [00:34<00:00,  1.46it/s]

  0%|          | 0/7 [00:00<?, ?it/s]
accuracy: 0.0568, loss: 5.3583 ||:  14%|#4        | 1/7 [00:00<00:01,  3.86it/s]
accuracy: 0.0649, loss: 5.4091 ||:  29%|##8       | 2/7 [00:00<00:01,  3.97it/s]
accuracy: 0.0653, loss: 5.6303 ||:  43%|####2     | 3/7 [00:00<00:00,  4.00it/s]
accuracy: 0.0656, loss: 5.6885 ||:  57%|#####7    | 4/7 [00:01<00:00,  4.02it/s]
accuracy: 0.0659, loss: 5.6824 ||:  71%|#######1  | 5/7 [00:01<00:00,  4.03it/s]
accuracy: 0.0675, loss: 5.6158 ||:  86%|########5 | 6/7 [00:01<00:00,  4.03it/s]
accuracy: 0.0674, loss: 5.7119 ||: 100%|##########| 7/7 [00:01<00:00,  4.23it/s]
accuracy: 0.0674, loss: 5.7119 ||: 100%|##########| 7/7 [00:01<00:00,  4.10it/s]

  0%|          | 0/51 [00:00<?, ?it/s]
accuracy: 0.0567, loss: 5.2807 ||:   2%|1         | 1/51 [00:00<00:45,  1.09it/s]
accuracy: 0.0602, loss: 5.1785 ||:   4%|3         | 2/51 [00:01<00:39,  1.25it/s]
accuracy: 0.0583, loss: 5.1608 ||:   6%|5         | 3/51 [00:02<00:35,  1.34it/s]
accuracy: 0.0574, loss: 5.1686 ||:   8%|7         | 4/51 [00:02<00:33,  1.40it/s]
accuracy: 0.0552, loss: 5.1903 ||:  10%|9         | 5/51 [00:03<00:32,  1.43it/s]
accuracy: 0.0557, loss: 5.1614 ||:  12%|#1        | 6/51 [00:04<00:31,  1.44it/s]
accuracy: 0.0567, loss: 5.1547 ||:  14%|#3        | 7/51 [00:05<00:30,  1.46it/s]
accuracy: 0.0566, loss: 5.1611 ||:  16%|#5        | 8/51 [00:05<00:29,  1.46it/s]
accuracy: 0.0572, loss: 5.1916 ||:  18%|#7        | 9/51 [00:06<00:28,  1.47it/s]
accuracy: 0.0577, loss: 5.1846 ||:  20%|#9        | 10/51 [00:07<00:27,  1.47it/s]
accuracy: 0.0588, loss: 5.1684 ||:  22%|##1       | 11/51 [00:07<00:27,  1.45it/s]
accuracy: 0.0601, loss: 5.1683 ||:  24%|##3       | 12/51 [00:08<00:26,  1.46it/s]
accuracy: 0.0611, loss: 5.1616 ||:  25%|##5       | 13/51 [00:09<00:25,  1.46it/s]
accuracy: 0.0618, loss: 5.1647 ||:  27%|##7       | 14/51 [00:09<00:25,  1.47it/s]
accuracy: 0.0615, loss: 5.1736 ||:  29%|##9       | 15/51 [00:10<00:24,  1.47it/s]
accuracy: 0.0621, loss: 5.1759 ||:  31%|###1      | 16/51 [00:11<00:23,  1.47it/s]
accuracy: 0.0624, loss: 5.1630 ||:  33%|###3      | 17/51 [00:11<00:23,  1.45it/s]
accuracy: 0.0621, loss: 5.1586 ||:  35%|###5      | 18/51 [00:12<00:22,  1.45it/s]
accuracy: 0.0625, loss: 5.1551 ||:  37%|###7      | 19/51 [00:13<00:21,  1.46it/s]
accuracy: 0.0624, loss: 5.1564 ||:  39%|###9      | 20/51 [00:13<00:21,  1.47it/s]
accuracy: 0.0625, loss: 5.1621 ||:  41%|####1     | 21/51 [00:14<00:20,  1.47it/s]
accuracy: 0.0629, loss: 5.1751 ||:  43%|####3     | 22/51 [00:15<00:19,  1.48it/s]
accuracy: 0.0633, loss: 5.1724 ||:  45%|####5     | 23/51 [00:15<00:18,  1.48it/s]
accuracy: 0.0632, loss: 5.1723 ||:  47%|####7     | 24/51 [00:16<00:18,  1.48it/s]
accuracy: 0.0633, loss: 5.1742 ||:  49%|####9     | 25/51 [00:17<00:17,  1.45it/s]
accuracy: 0.0633, loss: 5.1756 ||:  51%|#####     | 26/51 [00:18<00:17,  1.45it/s]
accuracy: 0.0631, loss: 5.1755 ||:  53%|#####2    | 27/51 [00:18<00:16,  1.46it/s]
accuracy: 0.0633, loss: 5.1769 ||:  55%|#####4    | 28/51 [00:19<00:15,  1.46it/s]
accuracy: 0.0632, loss: 5.1796 ||:  57%|#####6    | 29/51 [00:20<00:15,  1.46it/s]
accuracy: 0.0633, loss: 5.1745 ||:  59%|#####8    | 30/51 [00:20<00:14,  1.47it/s]
accuracy: 0.0633, loss: 5.1741 ||:  61%|######    | 31/51 [00:21<00:13,  1.48it/s]
accuracy: 0.0637, loss: 5.1697 ||:  63%|######2   | 32/51 [00:22<00:12,  1.48it/s]
accuracy: 0.0643, loss: 5.1634 ||:  65%|######4   | 33/51 [00:22<00:12,  1.48it/s]
accuracy: 0.0642, loss: 5.1585 ||:  67%|######6   | 34/51 [00:23<00:11,  1.48it/s]
accuracy: 0.0645, loss: 5.1519 ||:  69%|######8   | 35/51 [00:24<00:10,  1.52it/s]
accuracy: 0.0647, loss: 5.1482 ||:  71%|#######   | 36/51 [00:24<00:09,  1.51it/s]
accuracy: 0.0644, loss: 5.1519 ||:  73%|#######2  | 37/51 [00:25<00:09,  1.48it/s]
accuracy: 0.0643, loss: 5.1531 ||:  75%|#######4  | 38/51 [00:26<00:08,  1.48it/s]
accuracy: 0.0648, loss: 5.1526 ||:  76%|#######6  | 39/51 [00:26<00:08,  1.47it/s]
accuracy: 0.0649, loss: 5.1496 ||:  78%|#######8  | 40/51 [00:27<00:07,  1.47it/s]
accuracy: 0.0648, loss: 5.1472 ||:  80%|########  | 41/51 [00:28<00:06,  1.44it/s]
accuracy: 0.0650, loss: 5.1449 ||:  82%|########2 | 42/51 [00:28<00:06,  1.43it/s]
accuracy: 0.0651, loss: 5.1482 ||:  84%|########4 | 43/51 [00:29<00:05,  1.44it/s]
accuracy: 0.0654, loss: 5.1447 ||:  86%|########6 | 44/51 [00:30<00:04,  1.45it/s]
accuracy: 0.0654, loss: 5.1387 ||:  88%|########8 | 45/51 [00:30<00:04,  1.46it/s]
accuracy: 0.0654, loss: 5.1413 ||:  90%|######### | 46/51 [00:31<00:03,  1.47it/s]
accuracy: 0.0654, loss: 5.1386 ||:  92%|#########2| 47/51 [00:32<00:02,  1.46it/s]
accuracy: 0.0654, loss: 5.1358 ||:  94%|#########4| 48/51 [00:32<00:02,  1.47it/s]
accuracy: 0.0656, loss: 5.1330 ||:  96%|#########6| 49/51 [00:33<00:01,  1.47it/s]
accuracy: 0.0656, loss: 5.1313 ||:  98%|#########8| 50/51 [00:34<00:00,  1.47it/s]
accuracy: 0.0657, loss: 5.1326 ||: 100%|##########| 51/51 [00:35<00:00,  1.44it/s]
accuracy: 0.0657, loss: 5.1326 ||: 100%|##########| 51/51 [00:35<00:00,  1.46it/s]

  0%|          | 0/7 [00:00<?, ?it/s]
accuracy: 0.0772, loss: 5.0390 ||:  14%|#4        | 1/7 [00:00<00:01,  3.81it/s]
accuracy: 0.0738, loss: 5.1551 ||:  29%|##8       | 2/7 [00:00<00:01,  3.97it/s]
accuracy: 0.0711, loss: 5.1983 ||:  43%|####2     | 3/7 [00:00<00:00,  4.02it/s]
accuracy: 0.0696, loss: 5.4456 ||:  57%|#####7    | 4/7 [00:00<00:00,  4.05it/s]
accuracy: 0.0688, loss: 5.4640 ||:  71%|#######1  | 5/7 [00:01<00:00,  4.06it/s]
accuracy: 0.0692, loss: 5.4401 ||:  86%|########5 | 6/7 [00:01<00:00,  4.07it/s]
accuracy: 0.0690, loss: 5.3921 ||: 100%|##########| 7/7 [00:01<00:00,  4.28it/s]
accuracy: 0.0690, loss: 5.3921 ||: 100%|##########| 7/7 [00:01<00:00,  4.13it/s]

  0%|          | 0/51 [00:00<?, ?it/s]
accuracy: 0.0715, loss: 4.9574 ||:   2%|1         | 1/51 [00:00<00:44,  1.13it/s]
accuracy: 0.0755, loss: 4.8669 ||:   4%|3         | 2/51 [00:01<00:37,  1.32it/s]
accuracy: 0.0771, loss: 4.7819 ||:   6%|5         | 3/51 [00:02<00:34,  1.38it/s]
accuracy: 0.0755, loss: 4.7715 ||:   8%|7         | 4/51 [00:02<00:33,  1.42it/s]
accuracy: 0.0754, loss: 4.8078 ||:  10%|9         | 5/51 [00:03<00:32,  1.42it/s]
accuracy: 0.0754, loss: 4.8699 ||:  12%|#1        | 6/51 [00:04<00:31,  1.41it/s]
accuracy: 0.0751, loss: 4.8864 ||:  14%|#3        | 7/51 [00:05<00:30,  1.43it/s]
accuracy: 0.0751, loss: 4.8819 ||:  16%|#5        | 8/51 [00:05<00:29,  1.48it/s]
accuracy: 0.0739, loss: 4.8961 ||:  18%|#7        | 9/51 [00:06<00:28,  1.48it/s]
accuracy: 0.0731, loss: 4.9190 ||:  20%|#9        | 10/51 [00:06<00:27,  1.48it/s]
accuracy: 0.0724, loss: 4.9330 ||:  22%|##1       | 11/51 [00:07<00:26,  1.48it/s]
accuracy: 0.0723, loss: 4.9718 ||:  24%|##3       | 12/51 [00:08<00:26,  1.48it/s]
accuracy: 0.0719, loss: 4.9762 ||:  25%|##5       | 13/51 [00:09<00:25,  1.48it/s]
accuracy: 0.0716, loss: 4.9686 ||:  27%|##7       | 14/51 [00:09<00:25,  1.48it/s]
accuracy: 0.0714, loss: 4.9762 ||:  29%|##9       | 15/51 [00:10<00:24,  1.48it/s]
accuracy: 0.0713, loss: 4.9937 ||:  31%|###1      | 16/51 [00:11<00:24,  1.45it/s]
accuracy: 0.0710, loss: 4.9845 ||:  33%|###3      | 17/51 [00:11<00:23,  1.43it/s]
accuracy: 0.0707, loss: 4.9774 ||:  35%|###5      | 18/51 [00:12<00:22,  1.44it/s]
accuracy: 0.0708, loss: 4.9789 ||:  37%|###7      | 19/51 [00:13<00:22,  1.45it/s]
accuracy: 0.0706, loss: 4.9720 ||:  39%|###9      | 20/51 [00:13<00:21,  1.46it/s]
accuracy: 0.0708, loss: 4.9711 ||:  41%|####1     | 21/51 [00:14<00:20,  1.43it/s]
accuracy: 0.0703, loss: 4.9776 ||:  43%|####3     | 22/51 [00:15<00:20,  1.45it/s]
accuracy: 0.0704, loss: 4.9688 ||:  45%|####5     | 23/51 [00:15<00:19,  1.45it/s]
accuracy: 0.0704, loss: 4.9675 ||:  47%|####7     | 24/51 [00:16<00:18,  1.46it/s]
accuracy: 0.0704, loss: 4.9739 ||:  49%|####9     | 25/51 [00:17<00:17,  1.47it/s]
accuracy: 0.0703, loss: 4.9757 ||:  51%|#####     | 26/51 [00:17<00:17,  1.46it/s]
accuracy: 0.0706, loss: 4.9729 ||:  53%|#####2    | 27/51 [00:18<00:16,  1.46it/s]
accuracy: 0.0706, loss: 4.9668 ||:  55%|#####4    | 28/51 [00:19<00:15,  1.47it/s]
accuracy: 0.0702, loss: 4.9694 ||:  57%|#####6    | 29/51 [00:20<00:15,  1.47it/s]
accuracy: 0.0703, loss: 4.9681 ||:  59%|#####8    | 30/51 [00:20<00:14,  1.47it/s]
accuracy: 0.0705, loss: 4.9640 ||:  61%|######    | 31/51 [00:21<00:13,  1.47it/s]
accuracy: 0.0703, loss: 4.9719 ||:  63%|######2   | 32/51 [00:22<00:12,  1.48it/s]
accuracy: 0.0705, loss: 4.9711 ||:  65%|######4   | 33/51 [00:22<00:12,  1.48it/s]
accuracy: 0.0704, loss: 4.9790 ||:  67%|######6   | 34/51 [00:23<00:11,  1.48it/s]
accuracy: 0.0703, loss: 4.9801 ||:  69%|######8   | 35/51 [00:24<00:10,  1.49it/s]
accuracy: 0.0701, loss: 4.9801 ||:  71%|#######   | 36/51 [00:24<00:10,  1.49it/s]
accuracy: 0.0701, loss: 4.9903 ||:  73%|#######2  | 37/51 [00:25<00:09,  1.47it/s]
accuracy: 0.0700, loss: 4.9924 ||:  75%|#######4  | 38/51 [00:26<00:08,  1.47it/s]
accuracy: 0.0700, loss: 4.9918 ||:  76%|#######6  | 39/51 [00:26<00:08,  1.45it/s]
accuracy: 0.0702, loss: 4.9884 ||:  78%|#######8  | 40/51 [00:27<00:07,  1.46it/s]
accuracy: 0.0704, loss: 4.9850 ||:  80%|########  | 41/51 [00:28<00:06,  1.47it/s]
accuracy: 0.0706, loss: 4.9772 ||:  82%|########2 | 42/51 [00:28<00:06,  1.48it/s]
accuracy: 0.0705, loss: 4.9739 ||:  84%|########4 | 43/51 [00:29<00:05,  1.45it/s]
accuracy: 0.0707, loss: 4.9661 ||:  86%|########6 | 44/51 [00:30<00:04,  1.45it/s]
accuracy: 0.0705, loss: 4.9714 ||:  88%|########8 | 45/51 [00:30<00:04,  1.43it/s]
accuracy: 0.0705, loss: 4.9698 ||:  90%|######### | 46/51 [00:31<00:03,  1.45it/s]
accuracy: 0.0707, loss: 4.9621 ||:  92%|#########2| 47/51 [00:32<00:02,  1.43it/s]
accuracy: 0.0707, loss: 4.9566 ||:  94%|#########4| 48/51 [00:33<00:02,  1.41it/s]
accuracy: 0.0707, loss: 4.9598 ||:  96%|#########6| 49/51 [00:33<00:01,  1.43it/s]
accuracy: 0.0707, loss: 4.9661 ||:  98%|#########8| 50/51 [00:34<00:00,  1.45it/s]
accuracy: 0.0708, loss: 4.9601 ||: 100%|##########| 51/51 [00:35<00:00,  1.46it/s]
accuracy: 0.0708, loss: 4.9601 ||: 100%|##########| 51/51 [00:35<00:00,  1.45it/s]

  0%|          | 0/7 [00:00<?, ?it/s]
accuracy: 0.0750, loss: 5.1488 ||:  14%|#4        | 1/7 [00:00<00:01,  3.80it/s]
accuracy: 0.0725, loss: 5.2069 ||:  29%|##8       | 2/7 [00:00<00:01,  3.97it/s]
accuracy: 0.0733, loss: 5.2604 ||:  43%|####2     | 3/7 [00:00<00:00,  4.03it/s]
accuracy: 0.0726, loss: 5.2692 ||:  57%|#####7    | 4/7 [00:00<00:00,  4.05it/s]
accuracy: 0.0725, loss: 5.2731 ||:  71%|#######1  | 5/7 [00:01<00:00,  4.06it/s]
accuracy: 0.0736, loss: 5.2671 ||:  86%|########5 | 6/7 [00:01<00:00,  4.07it/s]
accuracy: 0.0731, loss: 5.2544 ||: 100%|##########| 7/7 [00:01<00:00,  4.28it/s]
accuracy: 0.0731, loss: 5.2544 ||: 100%|##########| 7/7 [00:01<00:00,  4.13it/s]

  0%|          | 0/51 [00:00<?, ?it/s]
accuracy: 0.0715, loss: 4.8867 ||:   2%|1         | 1/51 [00:00<00:44,  1.13it/s]
accuracy: 0.0748, loss: 4.7591 ||:   4%|3         | 2/51 [00:01<00:37,  1.32it/s]
accuracy: 0.0768, loss: 4.8057 ||:   6%|5         | 3/51 [00:02<00:35,  1.35it/s]
accuracy: 0.0755, loss: 4.8472 ||:   8%|7         | 4/51 [00:02<00:34,  1.36it/s]
accuracy: 0.0757, loss: 4.8693 ||:  10%|9         | 5/51 [00:03<00:32,  1.40it/s]
accuracy: 0.0748, loss: 4.8549 ||:  12%|#1        | 6/51 [00:04<00:31,  1.43it/s]
accuracy: 0.0743, loss: 4.8360 ||:  14%|#3        | 7/51 [00:05<00:30,  1.45it/s]
accuracy: 0.0742, loss: 4.8673 ||:  16%|#5        | 8/51 [00:05<00:29,  1.45it/s]
accuracy: 0.0736, loss: 4.8739 ||:  18%|#7        | 9/51 [00:06<00:28,  1.46it/s]
accuracy: 0.0746, loss: 4.8329 ||:  20%|#9        | 10/51 [00:07<00:27,  1.47it/s]
accuracy: 0.0756, loss: 4.8202 ||:  22%|##1       | 11/51 [00:07<00:27,  1.47it/s]
accuracy: 0.0763, loss: 4.8173 ||:  24%|##3       | 12/51 [00:08<00:26,  1.48it/s]
accuracy: 0.0763, loss: 4.8277 ||:  25%|##5       | 13/51 [00:09<00:25,  1.48it/s]
accuracy: 0.0760, loss: 4.8220 ||:  27%|##7       | 14/51 [00:09<00:25,  1.48it/s]
accuracy: 0.0766, loss: 4.8144 ||:  29%|##9       | 15/51 [00:10<00:24,  1.48it/s]
accuracy: 0.0765, loss: 4.8079 ||:  31%|###1      | 16/51 [00:11<00:23,  1.48it/s]
accuracy: 0.0763, loss: 4.7947 ||:  33%|###3      | 17/51 [00:11<00:22,  1.48it/s]
accuracy: 0.0764, loss: 4.7933 ||:  35%|###5      | 18/51 [00:12<00:22,  1.49it/s]
accuracy: 0.0767, loss: 4.8095 ||:  37%|###7      | 19/51 [00:13<00:21,  1.46it/s]
accuracy: 0.0769, loss: 4.8048 ||:  39%|###9      | 20/51 [00:13<00:21,  1.44it/s]
accuracy: 0.0769, loss: 4.8049 ||:  41%|####1     | 21/51 [00:14<00:20,  1.45it/s]
accuracy: 0.0772, loss: 4.7915 ||:  43%|####3     | 22/51 [00:15<00:19,  1.46it/s]
accuracy: 0.0777, loss: 4.7758 ||:  45%|####5     | 23/51 [00:15<00:19,  1.47it/s]
accuracy: 0.0779, loss: 4.7643 ||:  47%|####7     | 24/51 [00:16<00:18,  1.47it/s]
accuracy: 0.0776, loss: 4.7708 ||:  49%|####9     | 25/51 [00:17<00:17,  1.48it/s]
accuracy: 0.0773, loss: 4.7726 ||:  51%|#####     | 26/51 [00:17<00:16,  1.48it/s]
accuracy: 0.0774, loss: 4.7712 ||:  53%|#####2    | 27/51 [00:18<00:16,  1.48it/s]
accuracy: 0.0773, loss: 4.7677 ||:  55%|#####4    | 28/51 [00:19<00:15,  1.47it/s]
accuracy: 0.0773, loss: 4.7669 ||:  57%|#####6    | 29/51 [00:19<00:15,  1.45it/s]
accuracy: 0.0775, loss: 4.7591 ||:  59%|#####8    | 30/51 [00:20<00:14,  1.46it/s]
accuracy: 0.0771, loss: 4.7665 ||:  61%|######    | 31/51 [00:21<00:13,  1.43it/s]
accuracy: 0.0770, loss: 4.7648 ||:  63%|######2   | 32/51 [00:22<00:13,  1.42it/s]
accuracy: 0.0773, loss: 4.7631 ||:  65%|######4   | 33/51 [00:22<00:12,  1.44it/s]
accuracy: 0.0771, loss: 4.7677 ||:  67%|######6   | 34/51 [00:23<00:11,  1.45it/s]
accuracy: 0.0777, loss: 4.7583 ||:  69%|######8   | 35/51 [00:24<00:11,  1.43it/s]
accuracy: 0.0778, loss: 4.7607 ||:  71%|#######   | 36/51 [00:24<00:10,  1.44it/s]
accuracy: 0.0780, loss: 4.7525 ||:  73%|#######2  | 37/51 [00:25<00:09,  1.49it/s]
accuracy: 0.0778, loss: 4.7565 ||:  75%|#######4  | 38/51 [00:26<00:08,  1.48it/s]
accuracy: 0.0778, loss: 4.7554 ||:  76%|#######6  | 39/51 [00:26<00:08,  1.46it/s]
accuracy: 0.0775, loss: 4.7586 ||:  78%|#######8  | 40/51 [00:27<00:07,  1.47it/s]
accuracy: 0.0780, loss: 4.7485 ||:  80%|########  | 41/51 [00:28<00:06,  1.46it/s]
accuracy: 0.0781, loss: 4.7462 ||:  82%|########2 | 42/51 [00:28<00:06,  1.46it/s]
accuracy: 0.0779, loss: 4.7561 ||:  84%|########4 | 43/51 [00:29<00:05,  1.44it/s]
accuracy: 0.0780, loss: 4.7476 ||:  86%|########6 | 44/51 [00:30<00:04,  1.42it/s]
accuracy: 0.0781, loss: 4.7412 ||:  88%|########8 | 45/51 [00:31<00:04,  1.44it/s]
accuracy: 0.0780, loss: 4.7495 ||:  90%|######### | 46/51 [00:31<00:03,  1.45it/s]
accuracy: 0.0781, loss: 4.7517 ||:  92%|#########2| 47/51 [00:32<00:02,  1.46it/s]
accuracy: 0.0781, loss: 4.7495 ||:  94%|#########4| 48/51 [00:33<00:02,  1.45it/s]
accuracy: 0.0781, loss: 4.7475 ||:  96%|#########6| 49/51 [00:33<00:01,  1.43it/s]
accuracy: 0.0784, loss: 4.7442 ||:  98%|#########8| 50/51 [00:34<00:00,  1.41it/s]
accuracy: 0.0785, loss: 4.7453 ||: 100%|##########| 51/51 [00:35<00:00,  1.43it/s]
accuracy: 0.0785, loss: 4.7453 ||: 100%|##########| 51/51 [00:35<00:00,  1.45it/s]

  0%|          | 0/7 [00:00<?, ?it/s]
accuracy: 0.0808, loss: 5.2431 ||:  14%|#4        | 1/7 [00:00<00:01,  3.72it/s]
accuracy: 0.0816, loss: 5.1791 ||:  29%|##8       | 2/7 [00:00<00:01,  3.91it/s]
accuracy: 0.0805, loss: 5.2081 ||:  43%|####2     | 3/7 [00:00<00:01,  3.97it/s]
accuracy: 0.0789, loss: 5.1196 ||:  57%|#####7    | 4/7 [00:01<00:00,  4.00it/s]
accuracy: 0.0812, loss: 5.1160 ||:  71%|#######1  | 5/7 [00:01<00:00,  4.02it/s]
accuracy: 0.0811, loss: 5.2210 ||:  86%|########5 | 6/7 [00:01<00:00,  4.03it/s]
accuracy: 0.0805, loss: 5.2612 ||: 100%|##########| 7/7 [00:01<00:00,  4.23it/s]
accuracy: 0.0805, loss: 5.2612 ||: 100%|##########| 7/7 [00:01<00:00,  4.08it/s]

  0%|          | 0/51 [00:00<?, ?it/s]
accuracy: 0.0829, loss: 4.8621 ||:   2%|1         | 1/51 [00:00<00:44,  1.11it/s]
accuracy: 0.0834, loss: 4.8463 ||:   4%|3         | 2/51 [00:01<00:37,  1.30it/s]
accuracy: 0.0785, loss: 4.8158 ||:   6%|5         | 3/51 [00:02<00:35,  1.34it/s]
accuracy: 0.0803, loss: 4.6438 ||:   8%|7         | 4/51 [00:03<00:34,  1.36it/s]
accuracy: 0.0809, loss: 4.6151 ||:  10%|9         | 5/51 [00:03<00:32,  1.40it/s]
accuracy: 0.0810, loss: 4.6463 ||:  12%|#1        | 6/51 [00:04<00:31,  1.42it/s]
accuracy: 0.0820, loss: 4.6270 ||:  14%|#3        | 7/51 [00:05<00:30,  1.44it/s]
accuracy: 0.0819, loss: 4.6440 ||:  16%|#5        | 8/51 [00:05<00:29,  1.45it/s]
accuracy: 0.0828, loss: 4.6295 ||:  18%|#7        | 9/51 [00:06<00:28,  1.46it/s]
accuracy: 0.0830, loss: 4.6431 ||:  20%|#9        | 10/51 [00:07<00:27,  1.47it/s]
accuracy: 0.0828, loss: 4.6503 ||:  22%|##1       | 11/51 [00:07<00:27,  1.47it/s]
accuracy: 0.0832, loss: 4.6386 ||:  24%|##3       | 12/51 [00:08<00:27,  1.44it/s]
accuracy: 0.0842, loss: 4.6369 ||:  25%|##5       | 13/51 [00:09<00:26,  1.45it/s]
accuracy: 0.0851, loss: 4.6147 ||:  27%|##7       | 14/51 [00:09<00:25,  1.46it/s]
accuracy: 0.0857, loss: 4.6195 ||:  29%|##9       | 15/51 [00:10<00:24,  1.47it/s]
accuracy: 0.0857, loss: 4.6251 ||:  31%|###1      | 16/51 [00:11<00:23,  1.46it/s]
accuracy: 0.0858, loss: 4.6090 ||:  33%|###3      | 17/51 [00:11<00:23,  1.45it/s]
accuracy: 0.0863, loss: 4.5922 ||:  35%|###5      | 18/51 [00:12<00:22,  1.46it/s]
accuracy: 0.0862, loss: 4.6097 ||:  37%|###7      | 19/51 [00:13<00:22,  1.45it/s]
accuracy: 0.0865, loss: 4.6110 ||:  39%|###9      | 20/51 [00:13<00:21,  1.46it/s]
accuracy: 0.0864, loss: 4.6048 ||:  41%|####1     | 21/51 [00:14<00:20,  1.45it/s]
accuracy: 0.0862, loss: 4.6170 ||:  43%|####3     | 22/51 [00:15<00:19,  1.50it/s]
accuracy: 0.0866, loss: 4.6144 ||:  45%|####5     | 23/51 [00:15<00:18,  1.49it/s]
accuracy: 0.0861, loss: 4.6233 ||:  47%|####7     | 24/51 [00:16<00:18,  1.46it/s]
accuracy: 0.0864, loss: 4.6146 ||:  49%|####9     | 25/51 [00:17<00:18,  1.43it/s]
accuracy: 0.0862, loss: 4.6220 ||:  51%|#####     | 26/51 [00:18<00:17,  1.45it/s]
accuracy: 0.0855, loss: 4.6311 ||:  53%|#####2    | 27/51 [00:18<00:16,  1.45it/s]
accuracy: 0.0852, loss: 4.6408 ||:  55%|#####4    | 28/51 [00:19<00:15,  1.46it/s]
accuracy: 0.0853, loss: 4.6274 ||:  57%|#####6    | 29/51 [00:20<00:14,  1.47it/s]
accuracy: 0.0855, loss: 4.6214 ||:  59%|#####8    | 30/51 [00:20<00:14,  1.47it/s]
accuracy: 0.0857, loss: 4.6108 ||:  61%|######    | 31/51 [00:21<00:13,  1.44it/s]
accuracy: 0.0858, loss: 4.6122 ||:  63%|######2   | 32/51 [00:22<00:13,  1.43it/s]
accuracy: 0.0861, loss: 4.6062 ||:  65%|######4   | 33/51 [00:23<00:13,  1.34it/s]
accuracy: 0.0858, loss: 4.6156 ||:  67%|######6   | 34/51 [00:23<00:12,  1.38it/s]
accuracy: 0.0861, loss: 4.6105 ||:  69%|######8   | 35/51 [00:24<00:11,  1.41it/s]
accuracy: 0.0859, loss: 4.6121 ||:  71%|#######   | 36/51 [00:25<00:10,  1.43it/s]
accuracy: 0.0859, loss: 4.6121 ||:  73%|#######2  | 37/51 [00:25<00:09,  1.45it/s]
accuracy: 0.0861, loss: 4.6080 ||:  75%|#######4  | 38/51 [00:26<00:08,  1.46it/s]
accuracy: 0.0863, loss: 4.6020 ||:  76%|#######6  | 39/51 [00:27<00:08,  1.46it/s]
accuracy: 0.0861, loss: 4.6124 ||:  78%|#######8  | 40/51 [00:27<00:07,  1.46it/s]
accuracy: 0.0860, loss: 4.6189 ||:  80%|########  | 41/51 [00:28<00:06,  1.47it/s]
accuracy: 0.0859, loss: 4.6146 ||:  82%|########2 | 42/51 [00:29<00:06,  1.47it/s]
accuracy: 0.0858, loss: 4.6113 ||:  84%|########4 | 43/51 [00:29<00:05,  1.44it/s]
accuracy: 0.0860, loss: 4.6044 ||:  86%|########6 | 44/51 [00:30<00:04,  1.44it/s]
accuracy: 0.0859, loss: 4.6162 ||:  88%|########8 | 45/51 [00:31<00:04,  1.45it/s]
accuracy: 0.0858, loss: 4.6229 ||:  90%|######### | 46/51 [00:31<00:03,  1.46it/s]
accuracy: 0.0857, loss: 4.6261 ||:  92%|#########2| 47/51 [00:32<00:02,  1.47it/s]
accuracy: 0.0858, loss: 4.6323 ||:  94%|#########4| 48/51 [00:33<00:02,  1.47it/s]
accuracy: 0.0855, loss: 4.6367 ||:  96%|#########6| 49/51 [00:33<00:01,  1.47it/s]
accuracy: 0.0855, loss: 4.6340 ||:  98%|#########8| 50/51 [00:34<00:00,  1.47it/s]
accuracy: 0.0856, loss: 4.6326 ||: 100%|##########| 51/51 [00:35<00:00,  1.47it/s]
accuracy: 0.0856, loss: 4.6326 ||: 100%|##########| 51/51 [00:35<00:00,  1.44it/s]

  0%|          | 0/7 [00:00<?, ?it/s]
accuracy: 0.0951, loss: 4.9714 ||:  14%|#4        | 1/7 [00:00<00:01,  3.90it/s]
accuracy: 0.0815, loss: 5.3677 ||:  29%|##8       | 2/7 [00:00<00:01,  4.01it/s]
accuracy: 0.0848, loss: 5.2543 ||:  43%|####2     | 3/7 [00:00<00:00,  4.05it/s]
accuracy: 0.0834, loss: 5.3120 ||:  57%|#####7    | 4/7 [00:00<00:00,  4.06it/s]
accuracy: 0.0823, loss: 5.2797 ||:  71%|#######1  | 5/7 [00:01<00:00,  4.08it/s]
accuracy: 0.0831, loss: 5.2609 ||:  86%|########5 | 6/7 [00:01<00:00,  4.08it/s]
accuracy: 0.0830, loss: 5.2987 ||: 100%|##########| 7/7 [00:01<00:00,  4.29it/s]
accuracy: 0.0830, loss: 5.2987 ||: 100%|##########| 7/7 [00:01<00:00,  4.15it/s]

  0%|          | 0/51 [00:00<?, ?it/s]
accuracy: 0.0950, loss: 4.5022 ||:   2%|1         | 1/51 [00:00<00:44,  1.13it/s]
accuracy: 0.0888, loss: 4.6053 ||:   4%|3         | 2/51 [00:01<00:37,  1.32it/s]
accuracy: 0.0909, loss: 4.5325 ||:   6%|5         | 3/51 [00:02<00:35,  1.36it/s]
accuracy: 0.0920, loss: 4.5091 ||:   8%|7         | 4/51 [00:02<00:33,  1.40it/s]
accuracy: 0.0890, loss: 4.5428 ||:  10%|9         | 5/51 [00:03<00:32,  1.43it/s]
accuracy: 0.0901, loss: 4.5505 ||:  12%|#1        | 6/51 [00:04<00:31,  1.44it/s]
accuracy: 0.0918, loss: 4.5106 ||:  14%|#3        | 7/51 [00:04<00:30,  1.45it/s]
accuracy: 0.0919, loss: 4.5432 ||:  16%|#5        | 8/51 [00:05<00:29,  1.46it/s]
accuracy: 0.0929, loss: 4.5194 ||:  18%|#7        | 9/51 [00:06<00:29,  1.44it/s]
accuracy: 0.0927, loss: 4.5217 ||:  20%|#9        | 10/51 [00:07<00:28,  1.45it/s]
accuracy: 0.0912, loss: 4.5381 ||:  22%|##1       | 11/51 [00:07<00:27,  1.46it/s]
accuracy: 0.0912, loss: 4.5350 ||:  24%|##3       | 12/51 [00:08<00:26,  1.46it/s]
accuracy: 0.0919, loss: 4.5104 ||:  25%|##5       | 13/51 [00:09<00:25,  1.47it/s]
accuracy: 0.0919, loss: 4.5201 ||:  27%|##7       | 14/51 [00:09<00:25,  1.47it/s]
accuracy: 0.0926, loss: 4.5279 ||:  29%|##9       | 15/51 [00:10<00:24,  1.44it/s]
accuracy: 0.0925, loss: 4.5446 ||:  31%|###1      | 16/51 [00:11<00:24,  1.44it/s]
accuracy: 0.0930, loss: 4.5276 ||:  33%|###3      | 17/51 [00:11<00:23,  1.45it/s]
accuracy: 0.0929, loss: 4.5279 ||:  35%|###5      | 18/51 [00:12<00:22,  1.46it/s]
accuracy: 0.0932, loss: 4.5247 ||:  37%|###7      | 19/51 [00:13<00:21,  1.46it/s]
accuracy: 0.0931, loss: 4.5286 ||:  39%|###9      | 20/51 [00:13<00:21,  1.44it/s]
accuracy: 0.0926, loss: 4.5386 ||:  41%|####1     | 21/51 [00:14<00:20,  1.46it/s]
accuracy: 0.0924, loss: 4.5407 ||:  43%|####3     | 22/51 [00:15<00:19,  1.46it/s]
accuracy: 0.0932, loss: 4.5244 ||:  45%|####5     | 23/51 [00:15<00:19,  1.47it/s]
accuracy: 0.0932, loss: 4.5165 ||:  47%|####7     | 24/51 [00:16<00:18,  1.47it/s]
accuracy: 0.0929, loss: 4.5226 ||:  49%|####9     | 25/51 [00:17<00:17,  1.46it/s]
accuracy: 0.0929, loss: 4.5273 ||:  51%|#####     | 26/51 [00:17<00:17,  1.47it/s]
accuracy: 0.0930, loss: 4.5195 ||:  53%|#####2    | 27/51 [00:18<00:16,  1.45it/s]
accuracy: 0.0935, loss: 4.5119 ||:  55%|#####4    | 28/51 [00:19<00:15,  1.44it/s]
accuracy: 0.0934, loss: 4.5223 ||:  57%|#####6    | 29/51 [00:20<00:15,  1.45it/s]
accuracy: 0.0929, loss: 4.5261 ||:  59%|#####8    | 30/51 [00:20<00:14,  1.46it/s]
accuracy: 0.0930, loss: 4.5253 ||:  61%|######    | 31/51 [00:21<00:13,  1.44it/s]
accuracy: 0.0929, loss: 4.5158 ||:  63%|######2   | 32/51 [00:22<00:13,  1.44it/s]
accuracy: 0.0929, loss: 4.5120 ||:  65%|######4   | 33/51 [00:22<00:12,  1.45it/s]
accuracy: 0.0931, loss: 4.5137 ||:  67%|######6   | 34/51 [00:23<00:11,  1.46it/s]
accuracy: 0.0936, loss: 4.5004 ||:  69%|######8   | 35/51 [00:24<00:10,  1.47it/s]
accuracy: 0.0934, loss: 4.5057 ||:  71%|#######   | 36/51 [00:24<00:10,  1.47it/s]
accuracy: 0.0933, loss: 4.5150 ||:  73%|#######2  | 37/51 [00:25<00:09,  1.47it/s]
accuracy: 0.0931, loss: 4.5201 ||:  75%|#######4  | 38/51 [00:26<00:08,  1.48it/s]
accuracy: 0.0931, loss: 4.5161 ||:  76%|#######6  | 39/51 [00:26<00:08,  1.48it/s]
accuracy: 0.0935, loss: 4.5153 ||:  78%|#######8  | 40/51 [00:27<00:07,  1.47it/s]
accuracy: 0.0936, loss: 4.5194 ||:  80%|########  | 41/51 [00:28<00:06,  1.52it/s]
accuracy: 0.0935, loss: 4.5204 ||:  82%|########2 | 42/51 [00:28<00:05,  1.51it/s]
accuracy: 0.0934, loss: 4.5136 ||:  84%|########4 | 43/51 [00:29<00:05,  1.49it/s]
accuracy: 0.0936, loss: 4.5063 ||:  86%|########6 | 44/51 [00:30<00:04,  1.48it/s]
accuracy: 0.0935, loss: 4.5089 ||:  88%|########8 | 45/51 [00:30<00:04,  1.47it/s]
accuracy: 0.0935, loss: 4.5038 ||:  90%|######### | 46/51 [00:31<00:03,  1.48it/s]
accuracy: 0.0934, loss: 4.5030 ||:  92%|#########2| 47/51 [00:32<00:02,  1.46it/s]
accuracy: 0.0933, loss: 4.5025 ||:  94%|#########4| 48/51 [00:32<00:02,  1.47it/s]
accuracy: 0.0936, loss: 4.5017 ||:  96%|#########6| 49/51 [00:33<00:01,  1.46it/s]
accuracy: 0.0939, loss: 4.5096 ||:  98%|#########8| 50/51 [00:34<00:00,  1.45it/s]
accuracy: 0.0940, loss: 4.5032 ||: 100%|##########| 51/51 [00:35<00:00,  1.46it/s]
accuracy: 0.0940, loss: 4.5032 ||: 100%|##########| 51/51 [00:35<00:00,  1.45it/s]

  0%|          | 0/7 [00:00<?, ?it/s]
accuracy: 0.0952, loss: 4.8753 ||:  14%|#4        | 1/7 [00:00<00:01,  3.78it/s]
accuracy: 0.0939, loss: 4.8678 ||:  29%|##8       | 2/7 [00:00<00:01,  3.93it/s]
accuracy: 0.0920, loss: 5.0505 ||:  43%|####2     | 3/7 [00:00<00:01,  3.98it/s]
accuracy: 0.0893, loss: 5.1038 ||:  57%|#####7    | 4/7 [00:01<00:00,  4.01it/s]
accuracy: 0.0877, loss: 5.2039 ||:  71%|#######1  | 5/7 [00:01<00:00,  4.02it/s]
accuracy: 0.0898, loss: 5.1313 ||:  86%|########5 | 6/7 [00:01<00:00,  4.03it/s]
accuracy: 0.0904, loss: 5.0978 ||: 100%|##########| 7/7 [00:01<00:00,  4.24it/s]
accuracy: 0.0904, loss: 5.0978 ||: 100%|##########| 7/7 [00:01<00:00,  4.09it/s]

  0%|          | 0/51 [00:00<?, ?it/s]
accuracy: 0.1001, loss: 4.4692 ||:   2%|1         | 1/51 [00:00<00:44,  1.13it/s]
accuracy: 0.1016, loss: 4.3760 ||:   4%|3         | 2/51 [00:01<00:37,  1.31it/s]
accuracy: 0.1046, loss: 4.3748 ||:   6%|5         | 3/51 [00:02<00:35,  1.35it/s]
accuracy: 0.1061, loss: 4.4118 ||:   8%|7         | 4/51 [00:02<00:34,  1.36it/s]
accuracy: 0.1084, loss: 4.3780 ||:  10%|9         | 5/51 [00:03<00:32,  1.41it/s]
accuracy: 0.1081, loss: 4.3689 ||:  12%|#1        | 6/51 [00:04<00:31,  1.43it/s]
accuracy: 0.1045, loss: 4.3605 ||:  14%|#3        | 7/51 [00:05<00:30,  1.44it/s]
accuracy: 0.1073, loss: 4.3152 ||:  16%|#5        | 8/51 [00:05<00:29,  1.45it/s]
accuracy: 0.1065, loss: 4.3340 ||:  18%|#7        | 9/51 [00:06<00:28,  1.45it/s]
accuracy: 0.1089, loss: 4.3347 ||:  20%|#9        | 10/51 [00:07<00:28,  1.46it/s]
accuracy: 0.1082, loss: 4.3554 ||:  22%|##1       | 11/51 [00:07<00:27,  1.45it/s]
accuracy: 0.1087, loss: 4.3717 ||:  24%|##3       | 12/51 [00:08<00:27,  1.43it/s]
accuracy: 0.1086, loss: 4.3875 ||:  25%|##5       | 13/51 [00:09<00:26,  1.44it/s]
accuracy: 0.1093, loss: 4.3679 ||:  27%|##7       | 14/51 [00:09<00:25,  1.46it/s]
accuracy: 0.1086, loss: 4.3761 ||:  29%|##9       | 15/51 [00:10<00:24,  1.46it/s]
accuracy: 0.1079, loss: 4.3514 ||:  31%|###1      | 16/51 [00:11<00:23,  1.46it/s]
accuracy: 0.1086, loss: 4.3470 ||:  33%|###3      | 17/51 [00:11<00:23,  1.47it/s]
accuracy: 0.1075, loss: 4.3559 ||:  35%|###5      | 18/51 [00:12<00:22,  1.47it/s]
accuracy: 0.1069, loss: 4.3595 ||:  37%|###7      | 19/51 [00:13<00:21,  1.48it/s]
accuracy: 0.1065, loss: 4.3697 ||:  39%|###9      | 20/51 [00:13<00:20,  1.48it/s]
accuracy: 0.1062, loss: 4.3744 ||:  41%|####1     | 21/51 [00:14<00:20,  1.48it/s]
accuracy: 0.1063, loss: 4.3807 ||:  43%|####3     | 22/51 [00:15<00:19,  1.48it/s]
accuracy: 0.1066, loss: 4.3788 ||:  45%|####5     | 23/51 [00:15<00:19,  1.45it/s]
accuracy: 0.1065, loss: 4.3898 ||:  47%|####7     | 24/51 [00:16<00:18,  1.44it/s]
accuracy: 0.1065, loss: 4.3984 ||:  49%|####9     | 25/51 [00:17<00:17,  1.45it/s]
accuracy: 0.1070, loss: 4.3933 ||:  51%|#####     | 26/51 [00:18<00:17,  1.46it/s]
accuracy: 0.1073, loss: 4.3891 ||:  53%|#####2    | 27/51 [00:18<00:16,  1.46it/s]
accuracy: 0.1078, loss: 4.3696 ||:  55%|#####4    | 28/51 [00:19<00:15,  1.51it/s]
accuracy: 0.1080, loss: 4.3590 ||:  57%|#####6    | 29/51 [00:20<00:14,  1.50it/s]
accuracy: 0.1082, loss: 4.3460 ||:  59%|#####8    | 30/51 [00:20<00:14,  1.48it/s]
accuracy: 0.1074, loss: 4.3514 ||:  61%|######    | 31/51 [00:21<00:13,  1.48it/s]
accuracy: 0.1070, loss: 4.3554 ||:  63%|######2   | 32/51 [00:22<00:12,  1.48it/s]
accuracy: 0.1060, loss: 4.3703 ||:  65%|######4   | 33/51 [00:22<00:12,  1.48it/s]
accuracy: 0.1049, loss: 4.3799 ||:  67%|######6   | 34/51 [00:23<00:11,  1.44it/s]
accuracy: 0.1046, loss: 4.3853 ||:  69%|######8   | 35/51 [00:24<00:11,  1.43it/s]
accuracy: 0.1043, loss: 4.3860 ||:  71%|#######   | 36/51 [00:24<00:10,  1.44it/s]
accuracy: 0.1045, loss: 4.3835 ||:  73%|#######2  | 37/51 [00:25<00:09,  1.45it/s]
accuracy: 0.1044, loss: 4.3859 ||:  75%|#######4  | 38/51 [00:26<00:08,  1.46it/s]
accuracy: 0.1047, loss: 4.3758 ||:  76%|#######6  | 39/51 [00:26<00:08,  1.43it/s]
accuracy: 0.1048, loss: 4.3843 ||:  78%|#######8  | 40/51 [00:27<00:07,  1.45it/s]
accuracy: 0.1051, loss: 4.3799 ||:  80%|########  | 41/51 [00:28<00:07,  1.43it/s]
accuracy: 0.1053, loss: 4.3850 ||:  82%|########2 | 42/51 [00:29<00:06,  1.44it/s]
accuracy: 0.1052, loss: 4.3857 ||:  84%|########4 | 43/51 [00:29<00:05,  1.45it/s]
accuracy: 0.1054, loss: 4.3827 ||:  86%|########6 | 44/51 [00:30<00:04,  1.45it/s]
accuracy: 0.1053, loss: 4.3817 ||:  88%|########8 | 45/51 [00:31<00:04,  1.44it/s]
accuracy: 0.1055, loss: 4.3803 ||:  90%|######### | 46/51 [00:31<00:03,  1.45it/s]
accuracy: 0.1058, loss: 4.3740 ||:  92%|#########2| 47/51 [00:32<00:02,  1.46it/s]
accuracy: 0.1054, loss: 4.3858 ||:  94%|#########4| 48/51 [00:33<00:02,  1.47it/s]
accuracy: 0.1056, loss: 4.3829 ||:  96%|#########6| 49/51 [00:33<00:01,  1.44it/s]
accuracy: 0.1057, loss: 4.3837 ||:  98%|#########8| 50/51 [00:34<00:00,  1.45it/s]
accuracy: 0.1057, loss: 4.3801 ||: 100%|##########| 51/51 [00:35<00:00,  1.46it/s]
accuracy: 0.1057, loss: 4.3801 ||: 100%|##########| 51/51 [00:35<00:00,  1.45it/s]

  0%|          | 0/7 [00:00<?, ?it/s]
accuracy: 0.0883, loss: 5.5675 ||:  14%|#4        | 1/7 [00:00<00:01,  3.72it/s]
accuracy: 0.0933, loss: 5.3258 ||:  29%|##8       | 2/7 [00:00<00:01,  3.91it/s]
accuracy: 0.0952, loss: 5.2267 ||:  43%|####2     | 3/7 [00:00<00:01,  3.97it/s]
accuracy: 0.0979, loss: 5.1109 ||:  57%|#####7    | 4/7 [00:01<00:00,  4.00it/s]
accuracy: 0.1026, loss: 5.0067 ||:  71%|#######1  | 5/7 [00:01<00:00,  4.02it/s]
accuracy: 0.1029, loss: 4.9920 ||:  86%|########5 | 6/7 [00:01<00:00,  4.03it/s]
accuracy: 0.1014, loss: 5.1173 ||: 100%|##########| 7/7 [00:01<00:00,  4.24it/s]
accuracy: 0.1014, loss: 5.1173 ||: 100%|##########| 7/7 [00:01<00:00,  4.08it/s]

