2021-06-24 11:58:19,422 - INFO - allennlp.common.params - random_seed = 13370
2021-06-24 11:58:19,422 - INFO - allennlp.common.params - numpy_seed = 1337
2021-06-24 11:58:19,422 - INFO - allennlp.common.params - pytorch_seed = 133
2021-06-24 11:58:19,466 - INFO - allennlp.common.checks - Pytorch version: 1.9.0+cu102
2021-06-24 11:58:19,467 - INFO - allennlp.common.params - evaluate_on_test = False
2021-06-24 11:58:19,468 - INFO - allennlp.common.from_params - instantiating class <class 'allennlp.data.dataset_readers.dataset_reader.DatasetReader'> from params {'lazy': False, 'lowercase_tokens': True, 'type': 'cnndmail_dataset_reader'} and extras set()
2021-06-24 11:58:19,468 - INFO - allennlp.common.params - dataset_reader.type = cnndmail_dataset_reader
2021-06-24 11:58:19,468 - INFO - allennlp.common.from_params - instantiating class <class 'pointergen.cnndmail_dataset_reader.CNNDmailDatasetReader'> from params {'lazy': False, 'lowercase_tokens': True} and extras set()
2021-06-24 11:58:19,468 - INFO - allennlp.common.params - dataset_reader.max_source_length = 400
2021-06-24 11:58:19,468 - INFO - allennlp.common.params - dataset_reader.max_target_length = 100
2021-06-24 11:58:19,468 - INFO - allennlp.common.params - dataset_reader.token_indexers = <allennlp.common.params.Params object at 0x7f78b0c14b80>
2021-06-24 11:58:19,468 - INFO - allennlp.common.params - dataset_reader.lowercase_tokens = True
2021-06-24 11:58:19,468 - INFO - allennlp.common.params - dataset_reader.lazy = False
2021-06-24 11:58:19,468 - INFO - allennlp.common.params - dataset_reader.max_to_read = inf
2021-06-24 11:58:19,469 - INFO - allennlp.training.util - Using a separate dataset reader to load validation and test data.
2021-06-24 11:58:19,469 - INFO - allennlp.common.from_params - instantiating class <class 'allennlp.data.dataset_readers.dataset_reader.DatasetReader'> from params {'lazy': False, 'lowercase_tokens': True, 'type': 'cnndmail_dataset_reader'} and extras set()
2021-06-24 11:58:19,469 - INFO - allennlp.common.params - validation_dataset_reader.type = cnndmail_dataset_reader
2021-06-24 11:58:19,469 - INFO - allennlp.common.from_params - instantiating class <class 'pointergen.cnndmail_dataset_reader.CNNDmailDatasetReader'> from params {'lazy': False, 'lowercase_tokens': True} and extras set()
2021-06-24 11:58:19,469 - INFO - allennlp.common.params - validation_dataset_reader.max_source_length = 400
2021-06-24 11:58:19,469 - INFO - allennlp.common.params - validation_dataset_reader.max_target_length = 100
2021-06-24 11:58:19,469 - INFO - allennlp.common.params - validation_dataset_reader.token_indexers = <allennlp.common.params.Params object at 0x7f78b0c14ca0>
2021-06-24 11:58:19,469 - INFO - allennlp.common.params - validation_dataset_reader.lowercase_tokens = True
2021-06-24 11:58:19,469 - INFO - allennlp.common.params - validation_dataset_reader.lazy = False
2021-06-24 11:58:19,469 - INFO - allennlp.common.params - validation_dataset_reader.max_to_read = inf
2021-06-24 11:58:19,470 - INFO - allennlp.common.params - train_data_path = my_data/dataset_top3_train.jsonl
2021-06-24 11:58:19,470 - INFO - allennlp.training.util - Reading training data from my_data/dataset_top3_train.jsonl
2021-06-24 11:58:19,470 - INFO - pointergen.cnndmail_dataset_reader - Reading instances from lines in file at: my_data/dataset_top3_train.jsonl
2021-06-24 11:58:20,653 - INFO - allennlp.common.params - validation_data_path = my_data/dataset_top3_val.jsonl
2021-06-24 11:58:20,653 - INFO - allennlp.training.util - Reading validation data from my_data/dataset_top3_val.jsonl
2021-06-24 11:58:20,653 - INFO - pointergen.cnndmail_dataset_reader - Reading instances from lines in file at: my_data/dataset_top3_val.jsonl
2021-06-24 11:58:20,750 - INFO - allennlp.common.params - test_data_path = None
2021-06-24 11:58:20,750 - INFO - allennlp.common.params - datasets_for_vocab_creation = ['train']
2021-06-24 11:58:20,750 - INFO - allennlp.training.trainer_pieces - From dataset instances, train will be considered for vocabulary creation.
2021-06-24 11:58:20,750 - INFO - allennlp.common.params - vocabulary.type = None
2021-06-24 11:58:20,750 - INFO - allennlp.common.params - vocabulary.extend = True
2021-06-24 11:58:20,750 - INFO - allennlp.common.params - vocabulary.directory_path = bootstrapped_vocabulary
2021-06-24 11:58:20,750 - INFO - allennlp.data.vocabulary - Loading Vocab from files and extending it with dataset.
2021-06-24 11:58:20,751 - INFO - allennlp.data.vocabulary - Loading token dictionary from bootstrapped_vocabulary.
2021-06-24 11:58:20,751 - INFO - allennlp.common.params - vocabulary.min_count = None
2021-06-24 11:58:20,752 - INFO - allennlp.common.params - vocabulary.max_vocab_size = 49998
2021-06-24 11:58:20,752 - INFO - allennlp.common.params - vocabulary.non_padded_namespaces = ('*tags', '*labels')
2021-06-24 11:58:20,752 - INFO - allennlp.common.params - vocabulary.min_pretrained_embeddings = None
2021-06-24 11:58:20,752 - INFO - allennlp.common.params - vocabulary.only_include_pretrained_words = False
2021-06-24 11:58:20,752 - INFO - allennlp.common.params - vocabulary.tokens_to_add = None
2021-06-24 11:58:20,752 - INFO - allennlp.data.vocabulary - Fitting token dictionary from dataset.
2021-06-24 11:58:20,978 - INFO - allennlp.common.from_params - instantiating class <class 'allennlp.models.model.Model'> from params {'emb_size': 32, 'hidden_size': 64, 'type': 'pointer_generator'} and extras {'vocab'}
2021-06-24 11:58:20,979 - INFO - allennlp.common.params - model.type = pointer_generator
2021-06-24 11:58:20,979 - INFO - allennlp.common.from_params - instantiating class <class 'pointergen.model.Seq2Seq'> from params {'emb_size': 32, 'hidden_size': 64} and extras {'vocab'}
2021-06-24 11:58:20,979 - INFO - allennlp.common.params - model.hidden_size = 64
2021-06-24 11:58:20,979 - INFO - allennlp.common.params - model.emb_size = 32
2021-06-24 11:58:20,979 - INFO - allennlp.common.params - model.num_encoder_layers = 1
2021-06-24 11:58:20,979 - INFO - allennlp.common.params - model.num_decoder_layers = 1
2021-06-24 11:58:20,979 - INFO - allennlp.common.params - model.use_copy_mech = True
2021-06-24 11:58:21,069 - INFO - allennlp.common.from_params - instantiating class <class 'allennlp.data.iterators.data_iterator.DataIterator'> from params {'batch_size': 16, 'sorting_keys': [['source_tokens', 'num_tokens']], 'type': 'bucket'} and extras set()
2021-06-24 11:58:21,069 - INFO - allennlp.common.params - iterator.type = bucket
2021-06-24 11:58:21,069 - INFO - allennlp.common.from_params - instantiating class <class 'allennlp.data.iterators.bucket_iterator.BucketIterator'> from params {'batch_size': 16, 'sorting_keys': [['source_tokens', 'num_tokens']]} and extras set()
2021-06-24 11:58:21,069 - INFO - allennlp.common.params - iterator.sorting_keys = [['source_tokens', 'num_tokens']]
2021-06-24 11:58:21,069 - INFO - allennlp.common.params - iterator.padding_noise = 0.1
2021-06-24 11:58:21,070 - INFO - allennlp.common.params - iterator.biggest_batch_first = False
2021-06-24 11:58:21,070 - INFO - allennlp.common.params - iterator.batch_size = 16
2021-06-24 11:58:21,070 - INFO - allennlp.common.params - iterator.instances_per_epoch = None
2021-06-24 11:58:21,070 - INFO - allennlp.common.params - iterator.max_instances_in_memory = None
2021-06-24 11:58:21,070 - INFO - allennlp.common.params - iterator.cache_instances = False
2021-06-24 11:58:21,070 - INFO - allennlp.common.params - iterator.track_epoch = False
2021-06-24 11:58:21,070 - INFO - allennlp.common.params - iterator.maximum_samples_per_batch = None
2021-06-24 11:58:21,070 - INFO - allennlp.common.params - iterator.skip_smaller_batches = False
2021-06-24 11:58:21,070 - INFO - allennlp.common.params - validation_iterator = None
2021-06-24 11:58:21,070 - INFO - allennlp.common.params - trainer.no_grad = ()
2021-06-24 11:58:21,071 - INFO - allennlp.training.trainer_pieces - Following parameters are Frozen  (without gradient):
2021-06-24 11:58:21,071 - INFO - allennlp.training.trainer_pieces - Following parameters are Tunable (with gradient):
2021-06-24 11:58:21,071 - INFO - allennlp.training.trainer_pieces - output_embedder.0.weight
2021-06-24 11:58:21,071 - INFO - allennlp.training.trainer_pieces - input_encoder.1.weight_ih_l0
2021-06-24 11:58:21,071 - INFO - allennlp.training.trainer_pieces - input_encoder.1.weight_hh_l0
2021-06-24 11:58:21,071 - INFO - allennlp.training.trainer_pieces - input_encoder.1.bias_ih_l0
2021-06-24 11:58:21,071 - INFO - allennlp.training.trainer_pieces - input_encoder.1.bias_hh_l0
2021-06-24 11:58:21,071 - INFO - allennlp.training.trainer_pieces - input_encoder.1.weight_ih_l0_reverse
2021-06-24 11:58:21,071 - INFO - allennlp.training.trainer_pieces - input_encoder.1.weight_hh_l0_reverse
2021-06-24 11:58:21,071 - INFO - allennlp.training.trainer_pieces - input_encoder.1.bias_ih_l0_reverse
2021-06-24 11:58:21,071 - INFO - allennlp.training.trainer_pieces - input_encoder.1.bias_hh_l0_reverse
2021-06-24 11:58:21,072 - INFO - allennlp.training.trainer_pieces - fuse_h_layer.0.weight
2021-06-24 11:58:21,072 - INFO - allennlp.training.trainer_pieces - fuse_h_layer.0.bias
2021-06-24 11:58:21,072 - INFO - allennlp.training.trainer_pieces - fuse_c_layer.0.weight
2021-06-24 11:58:21,072 - INFO - allennlp.training.trainer_pieces - fuse_c_layer.0.bias
2021-06-24 11:58:21,072 - INFO - allennlp.training.trainer_pieces - attention_layer.Wh_layer.weight
2021-06-24 11:58:21,072 - INFO - allennlp.training.trainer_pieces - attention_layer.Ws_layer.weight
2021-06-24 11:58:21,072 - INFO - allennlp.training.trainer_pieces - attention_layer.Ws_layer.bias
2021-06-24 11:58:21,072 - INFO - allennlp.training.trainer_pieces - attention_layer.selector_vector_layer.weight
2021-06-24 11:58:21,072 - INFO - allennlp.training.trainer_pieces - copymech.pgen.0.weight
2021-06-24 11:58:21,072 - INFO - allennlp.training.trainer_pieces - copymech.pgen.0.bias
2021-06-24 11:58:21,072 - INFO - allennlp.training.trainer_pieces - decoder_rnn.weight_ih_l0
2021-06-24 11:58:21,072 - INFO - allennlp.training.trainer_pieces - decoder_rnn.weight_hh_l0
2021-06-24 11:58:21,072 - INFO - allennlp.training.trainer_pieces - decoder_rnn.bias_ih_l0
2021-06-24 11:58:21,072 - INFO - allennlp.training.trainer_pieces - decoder_rnn.bias_hh_l0
2021-06-24 11:58:21,073 - INFO - allennlp.training.trainer_pieces - statenctx_to_prefinal.weight
2021-06-24 11:58:21,073 - INFO - allennlp.training.trainer_pieces - statenctx_to_prefinal.bias
2021-06-24 11:58:21,073 - INFO - allennlp.training.trainer_pieces - project_to_decoder_input.weight
2021-06-24 11:58:21,073 - INFO - allennlp.training.trainer_pieces - project_to_decoder_input.bias
2021-06-24 11:58:21,073 - INFO - allennlp.training.trainer_pieces - output_projector.weight
2021-06-24 11:58:21,073 - INFO - allennlp.training.trainer_pieces - output_projector.bias
2021-06-24 11:58:21,073 - INFO - allennlp.common.params - trainer.patience = 50
2021-06-24 11:58:21,073 - INFO - allennlp.common.params - trainer.validation_metric = -loss
2021-06-24 11:58:21,073 - INFO - allennlp.common.params - trainer.shuffle = True
2021-06-24 11:58:21,073 - INFO - allennlp.common.params - trainer.num_epochs = 10
2021-06-24 11:58:21,073 - INFO - allennlp.common.params - trainer.cuda_device = 0
2021-06-24 11:58:21,073 - INFO - allennlp.common.params - trainer.grad_norm = 10
2021-06-24 11:58:21,073 - INFO - allennlp.common.params - trainer.grad_clipping = None
2021-06-24 11:58:21,073 - INFO - allennlp.common.params - trainer.learning_rate_scheduler = None
2021-06-24 11:58:21,073 - INFO - allennlp.common.params - trainer.momentum_scheduler = None
2021-06-24 11:58:24,192 - INFO - allennlp.common.params - trainer.optimizer.type = adam
2021-06-24 11:58:24,192 - INFO - allennlp.common.params - trainer.optimizer.parameter_groups = None
2021-06-24 11:58:24,192 - INFO - allennlp.training.optimizers - Number of trainable parameters: 1956008
2021-06-24 11:58:24,192 - INFO - allennlp.common.params - trainer.optimizer.infer_type_and_cast = True
2021-06-24 11:58:24,192 - INFO - allennlp.common.params - Converting Params object to dict; logging of default values will not occur when dictionary parameters are used subsequently.
2021-06-24 11:58:24,192 - INFO - allennlp.common.params - CURRENTLY DEFINED PARAMETERS: 
2021-06-24 11:58:24,192 - INFO - allennlp.common.params - trainer.optimizer.lr = 0.001
2021-06-24 11:58:24,192 - INFO - allennlp.common.registrable - instantiating registered subclass adam of <class 'allennlp.training.optimizers.Optimizer'>
2021-06-24 11:58:24,193 - INFO - allennlp.common.params - trainer.num_serialized_models_to_keep = 1
2021-06-24 11:58:24,193 - INFO - allennlp.common.params - trainer.keep_serialized_model_every_num_seconds = None
2021-06-24 11:58:24,193 - INFO - allennlp.common.params - trainer.model_save_interval = None
2021-06-24 11:58:24,193 - INFO - allennlp.common.params - trainer.summary_interval = 100
2021-06-24 11:58:24,193 - INFO - allennlp.common.params - trainer.histogram_interval = None
2021-06-24 11:58:24,193 - INFO - allennlp.common.params - trainer.should_log_parameter_statistics = True
2021-06-24 11:58:24,193 - INFO - allennlp.common.params - trainer.should_log_learning_rate = False
2021-06-24 11:58:24,193 - INFO - allennlp.common.params - trainer.log_batch_size_period = None
2021-06-24 11:58:24,196 - INFO - allennlp.training.trainer - Beginning training.
2021-06-24 11:58:24,196 - INFO - allennlp.training.trainer - Epoch 0/9
2021-06-24 11:58:24,196 - INFO - allennlp.training.trainer - Peak CPU memory usage MB: 3179.544
2021-06-24 11:58:24,297 - INFO - allennlp.training.trainer - GPU 0 memory usage MB: 1074
2021-06-24 11:58:24,298 - INFO - allennlp.training.trainer - Training
2021-06-24 11:58:59,318 - INFO - allennlp.training.trainer - Validating
2021-06-24 11:59:01,059 - INFO - allennlp.training.tensorboard_writer -                     Training |  Validation
2021-06-24 11:59:01,061 - INFO - allennlp.training.tensorboard_writer - loss            |     5.978  |     5.772
2021-06-24 11:59:01,061 - INFO - allennlp.training.tensorboard_writer - cpu_memory_MB   |  3179.544  |       N/A
2021-06-24 11:59:01,061 - INFO - allennlp.training.tensorboard_writer - accuracy        |     0.049  |     0.057
2021-06-24 11:59:01,062 - INFO - allennlp.training.tensorboard_writer - gpu_0_memory_MB |  1074.000  |       N/A
2021-06-24 11:59:01,109 - INFO - allennlp.training.checkpointer - Best validation performance so far. Copying weights to './my_serial//best.th'.
2021-06-24 11:59:01,115 - INFO - allennlp.training.trainer - Epoch duration: 0:00:36.919478
2021-06-24 11:59:01,116 - INFO - allennlp.training.trainer - Estimated training time remaining: 0:05:32
2021-06-24 11:59:01,116 - INFO - allennlp.training.trainer - Epoch 1/9
2021-06-24 11:59:01,116 - INFO - allennlp.training.trainer - Peak CPU memory usage MB: 3452.776
2021-06-24 11:59:01,213 - INFO - allennlp.training.trainer - GPU 0 memory usage MB: 2720
2021-06-24 11:59:01,214 - INFO - allennlp.training.trainer - Training
2021-06-24 11:59:36,020 - INFO - allennlp.training.trainer - Validating
2021-06-24 11:59:37,720 - INFO - allennlp.training.tensorboard_writer -                     Training |  Validation
2021-06-24 11:59:37,720 - INFO - allennlp.training.tensorboard_writer - loss            |     5.562  |     5.716
2021-06-24 11:59:37,721 - INFO - allennlp.training.tensorboard_writer - cpu_memory_MB   |  3452.776  |       N/A
2021-06-24 11:59:37,722 - INFO - allennlp.training.tensorboard_writer - accuracy        |     0.053  |     0.056
2021-06-24 11:59:37,722 - INFO - allennlp.training.tensorboard_writer - gpu_0_memory_MB |  2720.000  |       N/A
2021-06-24 11:59:37,770 - INFO - allennlp.training.checkpointer - Best validation performance so far. Copying weights to './my_serial//best.th'.
2021-06-24 11:59:37,780 - INFO - allennlp.training.trainer - Epoch duration: 0:00:36.664343
2021-06-24 11:59:37,780 - INFO - allennlp.training.trainer - Estimated training time remaining: 0:04:54
2021-06-24 11:59:37,781 - INFO - allennlp.training.trainer - Epoch 2/9
2021-06-24 11:59:37,781 - INFO - allennlp.training.trainer - Peak CPU memory usage MB: 3452.776
2021-06-24 11:59:37,875 - INFO - allennlp.training.trainer - GPU 0 memory usage MB: 2720
2021-06-24 11:59:37,876 - INFO - allennlp.training.trainer - Training
2021-06-24 12:00:12,644 - INFO - allennlp.training.trainer - Validating
2021-06-24 12:00:14,352 - INFO - allennlp.training.tensorboard_writer -                     Training |  Validation
2021-06-24 12:00:14,353 - INFO - allennlp.training.tensorboard_writer - loss            |     5.378  |     5.650
2021-06-24 12:00:14,354 - INFO - allennlp.training.tensorboard_writer - cpu_memory_MB   |  3452.776  |       N/A
2021-06-24 12:00:14,355 - INFO - allennlp.training.tensorboard_writer - accuracy        |     0.058  |     0.063
2021-06-24 12:00:14,355 - INFO - allennlp.training.tensorboard_writer - gpu_0_memory_MB |  2720.000  |       N/A
2021-06-24 12:00:14,403 - INFO - allennlp.training.checkpointer - Best validation performance so far. Copying weights to './my_serial//best.th'.
2021-06-24 12:00:14,413 - INFO - allennlp.training.trainer - Epoch duration: 0:00:36.632551
2021-06-24 12:00:14,413 - INFO - allennlp.training.trainer - Estimated training time remaining: 0:04:17
2021-06-24 12:00:14,414 - INFO - allennlp.training.trainer - Epoch 3/9
2021-06-24 12:00:14,414 - INFO - allennlp.training.trainer - Peak CPU memory usage MB: 3455.54
2021-06-24 12:00:14,508 - INFO - allennlp.training.trainer - GPU 0 memory usage MB: 2720
2021-06-24 12:00:14,509 - INFO - allennlp.training.trainer - Training
2021-06-24 12:00:49,433 - INFO - allennlp.training.trainer - Validating
2021-06-24 12:00:51,144 - INFO - allennlp.training.tensorboard_writer -                     Training |  Validation
2021-06-24 12:00:51,145 - INFO - allennlp.training.tensorboard_writer - loss            |     5.274  |     5.712
2021-06-24 12:00:51,146 - INFO - allennlp.training.tensorboard_writer - cpu_memory_MB   |  3455.540  |       N/A
2021-06-24 12:00:51,146 - INFO - allennlp.training.tensorboard_writer - accuracy        |     0.062  |     0.067
2021-06-24 12:00:51,147 - INFO - allennlp.training.tensorboard_writer - gpu_0_memory_MB |  2720.000  |       N/A
2021-06-24 12:00:51,196 - INFO - allennlp.training.trainer - Epoch duration: 0:00:36.782949
2021-06-24 12:00:51,197 - INFO - allennlp.training.trainer - Estimated training time remaining: 0:03:40
2021-06-24 12:00:51,197 - INFO - allennlp.training.trainer - Epoch 4/9
2021-06-24 12:00:51,197 - INFO - allennlp.training.trainer - Peak CPU memory usage MB: 3455.54
2021-06-24 12:00:51,292 - INFO - allennlp.training.trainer - GPU 0 memory usage MB: 2720
2021-06-24 12:00:51,293 - INFO - allennlp.training.trainer - Training
2021-06-24 12:01:26,339 - INFO - allennlp.training.trainer - Validating
2021-06-24 12:01:28,037 - INFO - allennlp.training.tensorboard_writer -                     Training |  Validation
2021-06-24 12:01:28,038 - INFO - allennlp.training.tensorboard_writer - loss            |     5.133  |     5.392
2021-06-24 12:01:28,039 - INFO - allennlp.training.tensorboard_writer - cpu_memory_MB   |  3455.540  |       N/A
2021-06-24 12:01:28,039 - INFO - allennlp.training.tensorboard_writer - accuracy        |     0.066  |     0.069
2021-06-24 12:01:28,040 - INFO - allennlp.training.tensorboard_writer - gpu_0_memory_MB |  2720.000  |       N/A
2021-06-24 12:01:28,087 - INFO - allennlp.training.checkpointer - Best validation performance so far. Copying weights to './my_serial//best.th'.
2021-06-24 12:01:28,098 - INFO - allennlp.training.trainer - Epoch duration: 0:00:36.900676
2021-06-24 12:01:28,098 - INFO - allennlp.training.trainer - Estimated training time remaining: 0:03:03
2021-06-24 12:01:28,098 - INFO - allennlp.training.trainer - Epoch 5/9
2021-06-24 12:01:28,098 - INFO - allennlp.training.trainer - Peak CPU memory usage MB: 3455.54
2021-06-24 12:01:28,193 - INFO - allennlp.training.trainer - GPU 0 memory usage MB: 2720
2021-06-24 12:01:28,193 - INFO - allennlp.training.trainer - Training
2021-06-24 12:02:03,284 - INFO - allennlp.training.trainer - Validating
2021-06-24 12:02:04,981 - INFO - allennlp.training.tensorboard_writer -                     Training |  Validation
2021-06-24 12:02:04,982 - INFO - allennlp.training.tensorboard_writer - loss            |     4.960  |     5.254
2021-06-24 12:02:04,983 - INFO - allennlp.training.tensorboard_writer - cpu_memory_MB   |  3455.540  |       N/A
2021-06-24 12:02:04,983 - INFO - allennlp.training.tensorboard_writer - accuracy        |     0.071  |     0.073
2021-06-24 12:02:04,984 - INFO - allennlp.training.tensorboard_writer - gpu_0_memory_MB |  2720.000  |       N/A
2021-06-24 12:02:05,032 - INFO - allennlp.training.checkpointer - Best validation performance so far. Copying weights to './my_serial//best.th'.
2021-06-24 12:02:05,042 - INFO - allennlp.training.trainer - Epoch duration: 0:00:36.943652
2021-06-24 12:02:05,042 - INFO - allennlp.training.trainer - Estimated training time remaining: 0:02:27
2021-06-24 12:02:05,042 - INFO - allennlp.training.trainer - Epoch 6/9
2021-06-24 12:02:05,042 - INFO - allennlp.training.trainer - Peak CPU memory usage MB: 3455.54
2021-06-24 12:02:05,137 - INFO - allennlp.training.trainer - GPU 0 memory usage MB: 2720
2021-06-24 12:02:05,138 - INFO - allennlp.training.trainer - Training
2021-06-24 12:02:40,350 - INFO - allennlp.training.trainer - Validating
2021-06-24 12:02:42,069 - INFO - allennlp.training.tensorboard_writer -                     Training |  Validation
2021-06-24 12:02:42,070 - INFO - allennlp.training.tensorboard_writer - loss            |     4.745  |     5.261
2021-06-24 12:02:42,070 - INFO - allennlp.training.tensorboard_writer - cpu_memory_MB   |  3455.540  |       N/A
2021-06-24 12:02:42,071 - INFO - allennlp.training.tensorboard_writer - accuracy        |     0.078  |     0.081
2021-06-24 12:02:42,071 - INFO - allennlp.training.tensorboard_writer - gpu_0_memory_MB |  2720.000  |       N/A
2021-06-24 12:02:42,122 - INFO - allennlp.training.trainer - Epoch duration: 0:00:37.079837
2021-06-24 12:02:42,122 - INFO - allennlp.training.trainer - Estimated training time remaining: 0:01:50
2021-06-24 12:02:42,122 - INFO - allennlp.training.trainer - Epoch 7/9
2021-06-24 12:02:42,123 - INFO - allennlp.training.trainer - Peak CPU memory usage MB: 3455.54
2021-06-24 12:02:42,217 - INFO - allennlp.training.trainer - GPU 0 memory usage MB: 2720
2021-06-24 12:02:42,218 - INFO - allennlp.training.trainer - Training
2021-06-24 12:03:17,547 - INFO - allennlp.training.trainer - Validating
2021-06-24 12:03:19,237 - INFO - allennlp.training.tensorboard_writer -                     Training |  Validation
2021-06-24 12:03:19,237 - INFO - allennlp.training.tensorboard_writer - loss            |     4.633  |     5.299
2021-06-24 12:03:19,238 - INFO - allennlp.training.tensorboard_writer - cpu_memory_MB   |  3455.540  |       N/A
2021-06-24 12:03:19,239 - INFO - allennlp.training.tensorboard_writer - accuracy        |     0.086  |     0.083
2021-06-24 12:03:19,239 - INFO - allennlp.training.tensorboard_writer - gpu_0_memory_MB |  2720.000  |       N/A
2021-06-24 12:03:19,286 - INFO - allennlp.training.trainer - Epoch duration: 0:00:37.163758
2021-06-24 12:03:19,287 - INFO - allennlp.training.trainer - Estimated training time remaining: 0:01:13
2021-06-24 12:03:19,287 - INFO - allennlp.training.trainer - Epoch 8/9
2021-06-24 12:03:19,287 - INFO - allennlp.training.trainer - Peak CPU memory usage MB: 3455.54
2021-06-24 12:03:19,382 - INFO - allennlp.training.trainer - GPU 0 memory usage MB: 2720
2021-06-24 12:03:19,383 - INFO - allennlp.training.trainer - Training
2021-06-24 12:03:54,441 - INFO - allennlp.training.trainer - Validating
2021-06-24 12:03:56,155 - INFO - allennlp.training.tensorboard_writer -                     Training |  Validation
2021-06-24 12:03:56,155 - INFO - allennlp.training.tensorboard_writer - loss            |     4.503  |     5.098
2021-06-24 12:03:56,156 - INFO - allennlp.training.tensorboard_writer - cpu_memory_MB   |  3455.540  |       N/A
2021-06-24 12:03:56,157 - INFO - allennlp.training.tensorboard_writer - accuracy        |     0.094  |     0.090
2021-06-24 12:03:56,158 - INFO - allennlp.training.tensorboard_writer - gpu_0_memory_MB |  2720.000  |       N/A
2021-06-24 12:03:56,206 - INFO - allennlp.training.checkpointer - Best validation performance so far. Copying weights to './my_serial//best.th'.
2021-06-24 12:03:56,216 - INFO - allennlp.training.trainer - Epoch duration: 0:00:36.929260
2021-06-24 12:03:56,216 - INFO - allennlp.training.trainer - Estimated training time remaining: 0:00:36
2021-06-24 12:03:56,216 - INFO - allennlp.training.trainer - Epoch 9/9
2021-06-24 12:03:56,217 - INFO - allennlp.training.trainer - Peak CPU memory usage MB: 3455.54
2021-06-24 12:03:56,312 - INFO - allennlp.training.trainer - GPU 0 memory usage MB: 2720
2021-06-24 12:03:56,312 - INFO - allennlp.training.trainer - Training
2021-06-24 12:04:31,522 - INFO - allennlp.training.trainer - Validating
2021-06-24 12:04:33,238 - INFO - allennlp.training.tensorboard_writer -                     Training |  Validation
2021-06-24 12:04:33,238 - INFO - allennlp.training.tensorboard_writer - loss            |     4.380  |     5.117
2021-06-24 12:04:33,239 - INFO - allennlp.training.tensorboard_writer - cpu_memory_MB   |  3455.540  |       N/A
2021-06-24 12:04:33,239 - INFO - allennlp.training.tensorboard_writer - accuracy        |     0.106  |     0.101
2021-06-24 12:04:33,240 - INFO - allennlp.training.tensorboard_writer - gpu_0_memory_MB |  2720.000  |       N/A
2021-06-24 12:04:33,291 - INFO - allennlp.training.trainer - Epoch duration: 0:00:37.074194
2021-06-24 12:04:33,292 - INFO - allennlp.training.checkpointer - loading best weights
